[ 2013-03-06T02:02:15+08:00 ] 0.0.0.0 /
INFO: [ app_begin ] --START--
INFO: Run ReadHtmlCache Behavior [ RunTime:0.000862s ]
INFO: Run CheckLang Behavior [ RunTime:0.002046s ]
INFO: [ app_begin ] --END-- [ RunTime:0.003090s ]
INFO: [ view_template ] --START--
INFO: Run LocationTemplate Behavior [ RunTime:0.000852s ]
INFO: [ view_template ] --END-- [ RunTime:0.000918s ]
INFO: [ view_parse ] --START--
NOTIC: [8] Undefined index: _URL_ C:\Users\Bo\lib\pbdm.cc\protected\pbdm\Runtime\Cache\ee145ef08c34c9d5614a476640c81a5c.php 第 51 行.
NOTIC: [8] Undefined index: _URL_ C:\Users\Bo\lib\pbdm.cc\protected\pbdm\Runtime\Cache\ee145ef08c34c9d5614a476640c81a5c.php 第 53 行.
INFO: Run ParseTemplate Behavior [ RunTime:0.052422s ]
INFO: [ view_parse ] --END-- [ RunTime:0.052497s ]
INFO: [ view_filter ] --START--
INFO: Run ContentReplace Behavior [ RunTime:0.000583s ]
INFO: Run TokenBuild Behavior [ RunTime:0.000726s ]
INFO: Run WriteHtmlCache Behavior [ RunTime:0.000456s ]
INFO: Run ShowRuntime Behavior [ RunTime:0.001054s ]
INFO: [ view_filter ] --END-- [ RunTime:0.003054s ]
INFO: [ view_end ] --START--
INFO: Run ShowPageTrace Behavior [ RunTime:0.001234s ]
INFO: [ view_end ] --END-- [ RunTime:0.001354s ]

[ 2013-03-06T02:02:26+08:00 ] 0.0.0.0 /
INFO: [ app_begin ] --START--
INFO: Run ReadHtmlCache Behavior [ RunTime:0.000747s ]
INFO: Run CheckLang Behavior [ RunTime:0.001118s ]
INFO: [ app_begin ] --END-- [ RunTime:0.001989s ]
INFO: [ view_template ] --START--
INFO: Run LocationTemplate Behavior [ RunTime:0.001133s ]
INFO: [ view_template ] --END-- [ RunTime:0.001201s ]
INFO: [ view_parse ] --START--
NOTIC: [8] Undefined index: _URL_ C:\Users\Bo\lib\pbdm.cc\protected\pbdm\Runtime\Cache\ee145ef08c34c9d5614a476640c81a5c.php 第 51 行.
NOTIC: [8] Undefined index: _URL_ C:\Users\Bo\lib\pbdm.cc\protected\pbdm\Runtime\Cache\ee145ef08c34c9d5614a476640c81a5c.php 第 53 行.
INFO: Run ParseTemplate Behavior [ RunTime:0.009778s ]
INFO: [ view_parse ] --END-- [ RunTime:0.009864s ]
INFO: [ view_filter ] --START--
INFO: Run ContentReplace Behavior [ RunTime:0.000690s ]
INFO: Run TokenBuild Behavior [ RunTime:0.000624s ]
INFO: Run WriteHtmlCache Behavior [ RunTime:0.000483s ]
INFO: Run ShowRuntime Behavior [ RunTime:0.000574s ]
INFO: [ view_filter ] --END-- [ RunTime:0.002581s ]
INFO: [ view_end ] --START--
INFO: Run ShowPageTrace Behavior [ RunTime:0.000693s ]
INFO: [ view_end ] --END-- [ RunTime:0.000759s ]

[ 2013-03-06T02:02:43+08:00 ] 0.0.0.0 /
INFO: [ app_begin ] --START--
INFO: Run ReadHtmlCache Behavior [ RunTime:0.000572s ]
INFO: Run CheckLang Behavior [ RunTime:0.000929s ]
INFO: [ app_begin ] --END-- [ RunTime:0.001642s ]
INFO: [ view_template ] --START--
INFO: Run LocationTemplate Behavior [ RunTime:0.000459s ]
INFO: [ view_template ] --END-- [ RunTime:0.000526s ]
INFO: [ view_parse ] --START--
NOTIC: [8] Undefined index: _URL_ C:\Users\Bo\lib\pbdm.cc\protected\pbdm\Runtime\Cache\ee145ef08c34c9d5614a476640c81a5c.php 第 51 行.
NOTIC: [8] Undefined index: _URL_ C:\Users\Bo\lib\pbdm.cc\protected\pbdm\Runtime\Cache\ee145ef08c34c9d5614a476640c81a5c.php 第 53 行.
INFO: Run ParseTemplate Behavior [ RunTime:0.010020s ]
INFO: [ view_parse ] --END-- [ RunTime:0.010120s ]
INFO: [ view_filter ] --START--
INFO: Run ContentReplace Behavior [ RunTime:0.000733s ]
INFO: Run TokenBuild Behavior [ RunTime:0.000464s ]
INFO: Run WriteHtmlCache Behavior [ RunTime:0.000339s ]
INFO: Run ShowRuntime Behavior [ RunTime:0.000713s ]
INFO: [ view_filter ] --END-- [ RunTime:0.002520s ]
INFO: [ view_end ] --START--
INFO: Run ShowPageTrace Behavior [ RunTime:0.000760s ]
INFO: [ view_end ] --END-- [ RunTime:0.000842s ]

[ 2013-03-06T02:04:23+08:00 ] 0.0.0.0 /
INFO: [ app_begin ] --START--
INFO: Run ReadHtmlCache Behavior [ RunTime:0.001517s ]
INFO: Run CheckLang Behavior [ RunTime:0.001856s ]
INFO: [ app_begin ] --END-- [ RunTime:0.003549s ]
INFO: [ view_template ] --START--
INFO: Run LocationTemplate Behavior [ RunTime:0.000847s ]
INFO: [ view_template ] --END-- [ RunTime:0.000918s ]
INFO: [ view_parse ] --START--
NOTIC: [8] Undefined index: _URL_ C:\Users\Bo\lib\pbdm.cc\protected\pbdm\Runtime\Cache\ee145ef08c34c9d5614a476640c81a5c.php 第 51 行.
NOTIC: [8] Undefined index: _URL_ C:\Users\Bo\lib\pbdm.cc\protected\pbdm\Runtime\Cache\ee145ef08c34c9d5614a476640c81a5c.php 第 53 行.
INFO: Run ParseTemplate Behavior [ RunTime:0.010141s ]
INFO: [ view_parse ] --END-- [ RunTime:0.010220s ]
INFO: [ view_filter ] --START--
INFO: Run ContentReplace Behavior [ RunTime:0.000596s ]
INFO: Run TokenBuild Behavior [ RunTime:0.000570s ]
INFO: Run WriteHtmlCache Behavior [ RunTime:0.000410s ]
INFO: Run ShowRuntime Behavior [ RunTime:0.000914s ]
INFO: [ view_filter ] --END-- [ RunTime:0.002695s ]
INFO: [ view_end ] --START--
INFO: Run ShowPageTrace Behavior [ RunTime:0.000838s ]
INFO: [ view_end ] --END-- [ RunTime:0.000984s ]

[ 2013-03-06T02:04:24+08:00 ] 0.0.0.0 /
INFO: [ app_begin ] --START--
INFO: Run ReadHtmlCache Behavior [ RunTime:0.000628s ]
INFO: Run CheckLang Behavior [ RunTime:0.000919s ]
INFO: [ app_begin ] --END-- [ RunTime:0.001683s ]
INFO: [ view_template ] --START--
INFO: Run LocationTemplate Behavior [ RunTime:0.000462s ]
INFO: [ view_template ] --END-- [ RunTime:0.000528s ]
INFO: [ view_parse ] --START--
NOTIC: [8] Undefined index: _URL_ C:\Users\Bo\lib\pbdm.cc\protected\pbdm\Runtime\Cache\ee145ef08c34c9d5614a476640c81a5c.php 第 51 行.
NOTIC: [8] Undefined index: _URL_ C:\Users\Bo\lib\pbdm.cc\protected\pbdm\Runtime\Cache\ee145ef08c34c9d5614a476640c81a5c.php 第 53 行.
INFO: Run ParseTemplate Behavior [ RunTime:0.009456s ]
INFO: [ view_parse ] --END-- [ RunTime:0.009534s ]
INFO: [ view_filter ] --START--
INFO: Run ContentReplace Behavior [ RunTime:0.000618s ]
INFO: Run TokenBuild Behavior [ RunTime:0.000727s ]
INFO: Run WriteHtmlCache Behavior [ RunTime:0.000382s ]
INFO: Run ShowRuntime Behavior [ RunTime:0.000508s ]
INFO: [ view_filter ] --END-- [ RunTime:0.002497s ]
INFO: [ view_end ] --START--
INFO: Run ShowPageTrace Behavior [ RunTime:0.000889s ]
INFO: [ view_end ] --END-- [ RunTime:0.000970s ]

[ 2013-03-06T02:04:47+08:00 ] 0.0.0.0 /
INFO: [ app_begin ] --START--
INFO: Run ReadHtmlCache Behavior [ RunTime:0.000723s ]
INFO: Run CheckLang Behavior [ RunTime:0.001133s ]
INFO: [ app_begin ] --END-- [ RunTime:0.001977s ]
INFO: [ view_template ] --START--
INFO: Run LocationTemplate Behavior [ RunTime:0.001104s ]
INFO: [ view_template ] --END-- [ RunTime:0.001190s ]
INFO: [ view_parse ] --START--
NOTIC: [8] Undefined index: _URL_ C:\Users\Bo\lib\pbdm.cc\protected\pbdm\Runtime\Cache\ee145ef08c34c9d5614a476640c81a5c.php 第 51 行.
NOTIC: [8] Undefined index: _URL_ C:\Users\Bo\lib\pbdm.cc\protected\pbdm\Runtime\Cache\ee145ef08c34c9d5614a476640c81a5c.php 第 53 行.
INFO: Run ParseTemplate Behavior [ RunTime:0.009256s ]
INFO: [ view_parse ] --END-- [ RunTime:0.009338s ]
INFO: [ view_filter ] --START--
INFO: Run ContentReplace Behavior [ RunTime:0.000551s ]
INFO: Run TokenBuild Behavior [ RunTime:0.000723s ]
INFO: Run WriteHtmlCache Behavior [ RunTime:0.000423s ]
INFO: Run ShowRuntime Behavior [ RunTime:0.000567s ]
INFO: [ view_filter ] --END-- [ RunTime:0.002489s ]
INFO: [ view_end ] --START--
INFO: Run ShowPageTrace Behavior [ RunTime:0.000665s ]
INFO: [ view_end ] --END-- [ RunTime:0.000722s ]

[ 2013-03-06T02:04:49+08:00 ] 0.0.0.0 /
INFO: [ app_begin ] --START--
INFO: Run ReadHtmlCache Behavior [ RunTime:0.000607s ]
INFO: Run CheckLang Behavior [ RunTime:0.001162s ]
INFO: [ app_begin ] --END-- [ RunTime:0.001908s ]
INFO: [ view_template ] --START--
INFO: Run LocationTemplate Behavior [ RunTime:0.000461s ]
INFO: [ view_template ] --END-- [ RunTime:0.000527s ]
INFO: [ view_parse ] --START--
NOTIC: [8] Undefined index: _URL_ C:\Users\Bo\lib\pbdm.cc\protected\pbdm\Runtime\Cache\ee145ef08c34c9d5614a476640c81a5c.php 第 51 行.
NOTIC: [8] Undefined index: _URL_ C:\Users\Bo\lib\pbdm.cc\protected\pbdm\Runtime\Cache\ee145ef08c34c9d5614a476640c81a5c.php 第 53 行.
INFO: Run ParseTemplate Behavior [ RunTime:0.009233s ]
INFO: [ view_parse ] --END-- [ RunTime:0.009311s ]
INFO: [ view_filter ] --START--
INFO: Run ContentReplace Behavior [ RunTime:0.000631s ]
INFO: Run TokenBuild Behavior [ RunTime:0.000605s ]
INFO: Run WriteHtmlCache Behavior [ RunTime:0.000431s ]
INFO: Run ShowRuntime Behavior [ RunTime:0.000674s ]
INFO: [ view_filter ] --END-- [ RunTime:0.002624s ]
INFO: [ view_end ] --START--
INFO: Run ShowPageTrace Behavior [ RunTime:0.000773s ]
INFO: [ view_end ] --END-- [ RunTime:0.000856s ]

[ 2013-03-06T02:04:49+08:00 ] 0.0.0.0 /
INFO: [ app_begin ] --START--
INFO: Run ReadHtmlCache Behavior [ RunTime:0.000577s ]
INFO: Run CheckLang Behavior [ RunTime:0.000963s ]
INFO: [ app_begin ] --END-- [ RunTime:0.001712s ]
INFO: [ view_template ] --START--
INFO: Run LocationTemplate Behavior [ RunTime:0.000457s ]
INFO: [ view_template ] --END-- [ RunTime:0.000523s ]
INFO: [ view_parse ] --START--
NOTIC: [8] Undefined index: _URL_ C:\Users\Bo\lib\pbdm.cc\protected\pbdm\Runtime\Cache\ee145ef08c34c9d5614a476640c81a5c.php 第 51 行.
NOTIC: [8] Undefined index: _URL_ C:\Users\Bo\lib\pbdm.cc\protected\pbdm\Runtime\Cache\ee145ef08c34c9d5614a476640c81a5c.php 第 53 行.
INFO: Run ParseTemplate Behavior [ RunTime:0.010022s ]
INFO: [ view_parse ] --END-- [ RunTime:0.010134s ]
INFO: [ view_filter ] --START--
INFO: Run ContentReplace Behavior [ RunTime:0.000673s ]
INFO: Run TokenBuild Behavior [ RunTime:0.000511s ]
INFO: Run WriteHtmlCache Behavior [ RunTime:0.000322s ]
INFO: Run ShowRuntime Behavior [ RunTime:0.000632s ]
INFO: [ view_filter ] --END-- [ RunTime:0.002363s ]
INFO: [ view_end ] --START--
INFO: Run ShowPageTrace Behavior [ RunTime:0.001066s ]
INFO: [ view_end ] --END-- [ RunTime:0.001145s ]

[ 2013-03-06T02:05:10+08:00 ] 0.0.0.0 /
INFO: [ app_begin ] --START--
INFO: Run ReadHtmlCache Behavior [ RunTime:0.000984s ]
INFO: Run CheckLang Behavior [ RunTime:0.001132s ]
INFO: [ app_begin ] --END-- [ RunTime:0.002430s ]
INFO: [ view_template ] --START--
INFO: Run LocationTemplate Behavior [ RunTime:0.000660s ]
INFO: [ view_template ] --END-- [ RunTime:0.000792s ]
INFO: [ view_parse ] --START--
NOTIC: [8] Undefined index: _URL_ C:\Users\Bo\lib\pbdm.cc\protected\pbdm\Runtime\Cache\ee145ef08c34c9d5614a476640c81a5c.php 第 51 行.
NOTIC: [8] Undefined index: _URL_ C:\Users\Bo\lib\pbdm.cc\protected\pbdm\Runtime\Cache\ee145ef08c34c9d5614a476640c81a5c.php 第 53 行.
INFO: Run ParseTemplate Behavior [ RunTime:0.009791s ]
INFO: [ view_parse ] --END-- [ RunTime:0.009894s ]
INFO: [ view_filter ] --START--
INFO: Run ContentReplace Behavior [ RunTime:0.000631s ]
INFO: Run TokenBuild Behavior [ RunTime:0.000722s ]
INFO: Run WriteHtmlCache Behavior [ RunTime:0.000473s ]
INFO: Run ShowRuntime Behavior [ RunTime:0.000697s ]
INFO: [ view_filter ] --END-- [ RunTime:0.002753s ]
INFO: [ view_end ] --START--
INFO: Run ShowPageTrace Behavior [ RunTime:0.000878s ]
INFO: [ view_end ] --END-- [ RunTime:0.000962s ]

[ 2013-03-06T02:05:11+08:00 ] 0.0.0.0 /
INFO: [ app_begin ] --START--
INFO: Run ReadHtmlCache Behavior [ RunTime:0.000575s ]
INFO: Run CheckLang Behavior [ RunTime:0.000981s ]
INFO: [ app_begin ] --END-- [ RunTime:0.001697s ]
INFO: [ view_template ] --START--
INFO: Run LocationTemplate Behavior [ RunTime:0.000457s ]
INFO: [ view_template ] --END-- [ RunTime:0.000592s ]
INFO: [ view_parse ] --START--
NOTIC: [8] Undefined index: _URL_ C:\Users\Bo\lib\pbdm.cc\protected\pbdm\Runtime\Cache\ee145ef08c34c9d5614a476640c81a5c.php 第 51 行.
NOTIC: [8] Undefined index: _URL_ C:\Users\Bo\lib\pbdm.cc\protected\pbdm\Runtime\Cache\ee145ef08c34c9d5614a476640c81a5c.php 第 53 行.
INFO: Run ParseTemplate Behavior [ RunTime:0.008916s ]
INFO: [ view_parse ] --END-- [ RunTime:0.009033s ]
INFO: [ view_filter ] --START--
INFO: Run ContentReplace Behavior [ RunTime:0.000863s ]
INFO: Run TokenBuild Behavior [ RunTime:0.000720s ]
INFO: Run WriteHtmlCache Behavior [ RunTime:0.000470s ]
INFO: Run ShowRuntime Behavior [ RunTime:0.000738s ]
INFO: [ view_filter ] --END-- [ RunTime:0.003105s ]
INFO: [ view_end ] --START--
INFO: Run ShowPageTrace Behavior [ RunTime:0.000675s ]
INFO: [ view_end ] --END-- [ RunTime:0.000744s ]

[ 2013-03-06T02:05:11+08:00 ] 0.0.0.0 /
INFO: [ app_begin ] --START--
INFO: Run ReadHtmlCache Behavior [ RunTime:0.000580s ]
INFO: Run CheckLang Behavior [ RunTime:0.000913s ]
INFO: [ app_begin ] --END-- [ RunTime:0.001625s ]
INFO: [ view_template ] --START--
INFO: Run LocationTemplate Behavior [ RunTime:0.000469s ]
INFO: [ view_template ] --END-- [ RunTime:0.000534s ]
INFO: [ view_parse ] --START--
NOTIC: [8] Undefined index: _URL_ C:\Users\Bo\lib\pbdm.cc\protected\pbdm\Runtime\Cache\ee145ef08c34c9d5614a476640c81a5c.php 第 51 行.
NOTIC: [8] Undefined index: _URL_ C:\Users\Bo\lib\pbdm.cc\protected\pbdm\Runtime\Cache\ee145ef08c34c9d5614a476640c81a5c.php 第 53 行.
INFO: Run ParseTemplate Behavior [ RunTime:0.010386s ]
INFO: [ view_parse ] --END-- [ RunTime:0.010468s ]
INFO: [ view_filter ] --START--
INFO: Run ContentReplace Behavior [ RunTime:0.000613s ]
INFO: Run TokenBuild Behavior [ RunTime:0.000595s ]
INFO: Run WriteHtmlCache Behavior [ RunTime:0.000427s ]
INFO: Run ShowRuntime Behavior [ RunTime:0.000624s ]
INFO: [ view_filter ] --END-- [ RunTime:0.002489s ]
INFO: [ view_end ] --START--
INFO: Run ShowPageTrace Behavior [ RunTime:0.000685s ]
INFO: [ view_end ] --END-- [ RunTime:0.000762s ]

[ 2013-03-06T02:05:12+08:00 ] 0.0.0.0 /
INFO: [ app_begin ] --START--
INFO: Run ReadHtmlCache Behavior [ RunTime:0.000623s ]
INFO: Run CheckLang Behavior [ RunTime:0.000960s ]
INFO: [ app_begin ] --END-- [ RunTime:0.001715s ]
INFO: [ view_template ] --START--
INFO: Run LocationTemplate Behavior [ RunTime:0.000637s ]
INFO: [ view_template ] --END-- [ RunTime:0.000704s ]
INFO: [ view_parse ] --START--
NOTIC: [8] Undefined index: _URL_ C:\Users\Bo\lib\pbdm.cc\protected\pbdm\Runtime\Cache\ee145ef08c34c9d5614a476640c81a5c.php 第 51 行.
NOTIC: [8] Undefined index: _URL_ C:\Users\Bo\lib\pbdm.cc\protected\pbdm\Runtime\Cache\ee145ef08c34c9d5614a476640c81a5c.php 第 53 行.
INFO: Run ParseTemplate Behavior [ RunTime:0.010138s ]
INFO: [ view_parse ] --END-- [ RunTime:0.010239s ]
INFO: [ view_filter ] --START--
INFO: Run ContentReplace Behavior [ RunTime:0.000680s ]
INFO: Run TokenBuild Behavior [ RunTime:0.000468s ]
INFO: Run WriteHtmlCache Behavior [ RunTime:0.000319s ]
INFO: Run ShowRuntime Behavior [ RunTime:0.000621s ]
INFO: [ view_filter ] --END-- [ RunTime:0.002287s ]
INFO: [ view_end ] --START--
INFO: Run ShowPageTrace Behavior [ RunTime:0.000749s ]
INFO: [ view_end ] --END-- [ RunTime:0.000830s ]

[ 2013-03-06T02:05:12+08:00 ] 0.0.0.0 /
INFO: [ app_begin ] --START--
INFO: Run ReadHtmlCache Behavior [ RunTime:0.000856s ]
INFO: Run CheckLang Behavior [ RunTime:0.000896s ]
INFO: [ app_begin ] --END-- [ RunTime:0.001898s ]
INFO: [ view_template ] --START--
INFO: Run LocationTemplate Behavior [ RunTime:0.000414s ]
INFO: [ view_template ] --END-- [ RunTime:0.000471s ]
INFO: [ view_parse ] --START--
NOTIC: [8] Undefined index: _URL_ C:\Users\Bo\lib\pbdm.cc\protected\pbdm\Runtime\Cache\ee145ef08c34c9d5614a476640c81a5c.php 第 51 行.
NOTIC: [8] Undefined index: _URL_ C:\Users\Bo\lib\pbdm.cc\protected\pbdm\Runtime\Cache\ee145ef08c34c9d5614a476640c81a5c.php 第 53 行.
INFO: Run ParseTemplate Behavior [ RunTime:0.008379s ]
INFO: [ view_parse ] --END-- [ RunTime:0.008460s ]
INFO: [ view_filter ] --START--
INFO: Run ContentReplace Behavior [ RunTime:0.000456s ]
INFO: Run TokenBuild Behavior [ RunTime:0.000404s ]
INFO: Run WriteHtmlCache Behavior [ RunTime:0.000301s ]
INFO: Run ShowRuntime Behavior [ RunTime:0.000478s ]
INFO: [ view_filter ] --END-- [ RunTime:0.001807s ]
INFO: [ view_end ] --START--
INFO: Run ShowPageTrace Behavior [ RunTime:0.000912s ]
INFO: [ view_end ] --END-- [ RunTime:0.000990s ]

[ 2013-03-06T02:05:12+08:00 ] 0.0.0.0 /
INFO: [ app_begin ] --START--
INFO: Run ReadHtmlCache Behavior [ RunTime:0.000656s ]
INFO: Run CheckLang Behavior [ RunTime:0.000926s ]
INFO: [ app_begin ] --END-- [ RunTime:0.001730s ]
INFO: [ view_template ] --START--
INFO: Run LocationTemplate Behavior [ RunTime:0.000460s ]
INFO: [ view_template ] --END-- [ RunTime:0.000527s ]
INFO: [ view_parse ] --START--
NOTIC: [8] Undefined index: _URL_ C:\Users\Bo\lib\pbdm.cc\protected\pbdm\Runtime\Cache\ee145ef08c34c9d5614a476640c81a5c.php 第 51 行.
NOTIC: [8] Undefined index: _URL_ C:\Users\Bo\lib\pbdm.cc\protected\pbdm\Runtime\Cache\ee145ef08c34c9d5614a476640c81a5c.php 第 53 行.
INFO: Run ParseTemplate Behavior [ RunTime:0.010045s ]
INFO: [ view_parse ] --END-- [ RunTime:0.010140s ]
INFO: [ view_filter ] --START--
INFO: Run ContentReplace Behavior [ RunTime:0.000488s ]
INFO: Run TokenBuild Behavior [ RunTime:0.000475s ]
INFO: Run WriteHtmlCache Behavior [ RunTime:0.000443s ]
INFO: Run ShowRuntime Behavior [ RunTime:0.000606s ]
INFO: [ view_filter ] --END-- [ RunTime:0.002230s ]
INFO: [ view_end ] --START--
INFO: Run ShowPageTrace Behavior [ RunTime:0.000693s ]
INFO: [ view_end ] --END-- [ RunTime:0.000765s ]

[ 2013-03-06T02:05:13+08:00 ] 0.0.0.0 /
INFO: [ app_begin ] --START--
INFO: Run ReadHtmlCache Behavior [ RunTime:0.000551s ]
INFO: Run CheckLang Behavior [ RunTime:0.000765s ]
INFO: [ app_begin ] --END-- [ RunTime:0.001501s ]
INFO: [ view_template ] --START--
INFO: Run LocationTemplate Behavior [ RunTime:0.000460s ]
INFO: [ view_template ] --END-- [ RunTime:0.000518s ]
INFO: [ view_parse ] --START--
NOTIC: [8] Undefined index: _URL_ C:\Users\Bo\lib\pbdm.cc\protected\pbdm\Runtime\Cache\ee145ef08c34c9d5614a476640c81a5c.php 第 51 行.
NOTIC: [8] Undefined index: _URL_ C:\Users\Bo\lib\pbdm.cc\protected\pbdm\Runtime\Cache\ee145ef08c34c9d5614a476640c81a5c.php 第 53 行.
INFO: Run ParseTemplate Behavior [ RunTime:0.009643s ]
INFO: [ view_parse ] --END-- [ RunTime:0.009732s ]
INFO: [ view_filter ] --START--
INFO: Run ContentReplace Behavior [ RunTime:0.000562s ]
INFO: Run TokenBuild Behavior [ RunTime:0.000514s ]
INFO: Run WriteHtmlCache Behavior [ RunTime:0.000304s ]
INFO: Run ShowRuntime Behavior [ RunTime:0.000463s ]
INFO: [ view_filter ] --END-- [ RunTime:0.002045s ]
INFO: [ view_end ] --START--
INFO: Run ShowPageTrace Behavior [ RunTime:0.000728s ]
INFO: [ view_end ] --END-- [ RunTime:0.000803s ]

[ 2013-03-06T02:05:13+08:00 ] 0.0.0.0 /
INFO: [ app_begin ] --START--
INFO: Run ReadHtmlCache Behavior [ RunTime:0.000495s ]
INFO: Run CheckLang Behavior [ RunTime:0.000869s ]
INFO: [ app_begin ] --END-- [ RunTime:0.001475s ]
INFO: [ view_template ] --START--
INFO: Run LocationTemplate Behavior [ RunTime:0.000410s ]
INFO: [ view_template ] --END-- [ RunTime:0.000466s ]
INFO: [ view_parse ] --START--
NOTIC: [8] Undefined index: _URL_ C:\Users\Bo\lib\pbdm.cc\protected\pbdm\Runtime\Cache\ee145ef08c34c9d5614a476640c81a5c.php 第 51 行.
NOTIC: [8] Undefined index: _URL_ C:\Users\Bo\lib\pbdm.cc\protected\pbdm\Runtime\Cache\ee145ef08c34c9d5614a476640c81a5c.php 第 53 行.
INFO: Run ParseTemplate Behavior [ RunTime:0.008532s ]
INFO: [ view_parse ] --END-- [ RunTime:0.008701s ]
INFO: [ view_filter ] --START--
INFO: Run ContentReplace Behavior [ RunTime:0.000515s ]
INFO: Run TokenBuild Behavior [ RunTime:0.000432s ]
INFO: Run WriteHtmlCache Behavior [ RunTime:0.000298s ]
INFO: Run ShowRuntime Behavior [ RunTime:0.000686s ]
INFO: [ view_filter ] --END-- [ RunTime:0.002117s ]
INFO: [ view_end ] --START--
INFO: Run ShowPageTrace Behavior [ RunTime:0.000619s ]
INFO: [ view_end ] --END-- [ RunTime:0.000678s ]

[ 2013-03-06T02:05:27+08:00 ] 0.0.0.0 /
INFO: [ app_begin ] --START--
INFO: Run ReadHtmlCache Behavior [ RunTime:0.000485s ]
INFO: Run CheckLang Behavior [ RunTime:0.000880s ]
INFO: [ app_begin ] --END-- [ RunTime:0.001483s ]
INFO: [ view_template ] --START--
INFO: Run LocationTemplate Behavior [ RunTime:0.000394s ]
INFO: [ view_template ] --END-- [ RunTime:0.000450s ]
INFO: [ view_parse ] --START--
NOTIC: [8] Undefined index: _URL_ C:\Users\Bo\lib\pbdm.cc\protected\pbdm\Runtime\Cache\ee145ef08c34c9d5614a476640c81a5c.php 第 51 行.
NOTIC: [8] Undefined index: _URL_ C:\Users\Bo\lib\pbdm.cc\protected\pbdm\Runtime\Cache\ee145ef08c34c9d5614a476640c81a5c.php 第 53 行.
INFO: Run ParseTemplate Behavior [ RunTime:0.008892s ]
INFO: [ view_parse ] --END-- [ RunTime:0.008974s ]
INFO: [ view_filter ] --START--
INFO: Run ContentReplace Behavior [ RunTime:0.000470s ]
INFO: Run TokenBuild Behavior [ RunTime:0.000408s ]
INFO: Run WriteHtmlCache Behavior [ RunTime:0.000311s ]
INFO: Run ShowRuntime Behavior [ RunTime:0.000462s ]
INFO: [ view_filter ] --END-- [ RunTime:0.001810s ]
INFO: [ view_end ] --START--
INFO: Run ShowPageTrace Behavior [ RunTime:0.000967s ]
INFO: [ view_end ] --END-- [ RunTime:0.001045s ]

[ 2013-03-06T02:05:28+08:00 ] 0.0.0.0 /
INFO: [ app_begin ] --START--
INFO: Run ReadHtmlCache Behavior [ RunTime:0.000734s ]
INFO: Run CheckLang Behavior [ RunTime:0.001381s ]
INFO: [ app_begin ] --END-- [ RunTime:0.002293s ]
INFO: [ view_template ] --START--
INFO: Run LocationTemplate Behavior [ RunTime:0.000467s ]
INFO: [ view_template ] --END-- [ RunTime:0.000535s ]
INFO: [ view_parse ] --START--
NOTIC: [8] Undefined index: _URL_ C:\Users\Bo\lib\pbdm.cc\protected\pbdm\Runtime\Cache\ee145ef08c34c9d5614a476640c81a5c.php 第 51 行.
NOTIC: [8] Undefined index: _URL_ C:\Users\Bo\lib\pbdm.cc\protected\pbdm\Runtime\Cache\ee145ef08c34c9d5614a476640c81a5c.php 第 53 行.
INFO: Run ParseTemplate Behavior [ RunTime:0.009426s ]
INFO: [ view_parse ] --END-- [ RunTime:0.009521s ]
INFO: [ view_filter ] --START--
INFO: Run ContentReplace Behavior [ RunTime:0.000780s ]
INFO: Run TokenBuild Behavior [ RunTime:0.000616s ]
INFO: Run WriteHtmlCache Behavior [ RunTime:0.000338s ]
INFO: Run ShowRuntime Behavior [ RunTime:0.000506s ]
INFO: [ view_filter ] --END-- [ RunTime:0.002471s ]
INFO: [ view_end ] --START--
INFO: Run ShowPageTrace Behavior [ RunTime:0.001502s ]
INFO: [ view_end ] --END-- [ RunTime:0.001618s ]

[ 2013-03-06T02:07:22+08:00 ] 0.0.0.0 /
INFO: [ app_begin ] --START--
INFO: Run ReadHtmlCache Behavior [ RunTime:0.000707s ]
INFO: Run CheckLang Behavior [ RunTime:0.001114s ]
INFO: [ app_begin ] --END-- [ RunTime:0.001948s ]
INFO: [ view_template ] --START--
INFO: Run LocationTemplate Behavior [ RunTime:0.000905s ]
INFO: [ view_template ] --END-- [ RunTime:0.000970s ]
INFO: [ view_parse ] --START--
NOTIC: [8] Undefined index: _URL_ C:\Users\Bo\lib\pbdm.cc\protected\pbdm\Runtime\Cache\ee145ef08c34c9d5614a476640c81a5c.php 第 51 行.
NOTIC: [8] Undefined index: _URL_ C:\Users\Bo\lib\pbdm.cc\protected\pbdm\Runtime\Cache\ee145ef08c34c9d5614a476640c81a5c.php 第 53 行.
INFO: Run ParseTemplate Behavior [ RunTime:0.009315s ]
INFO: [ view_parse ] --END-- [ RunTime:0.009387s ]
INFO: [ view_filter ] --START--
INFO: Run ContentReplace Behavior [ RunTime:0.001110s ]
INFO: Run TokenBuild Behavior [ RunTime:0.000651s ]
INFO: Run WriteHtmlCache Behavior [ RunTime:0.000730s ]
INFO: Run ShowRuntime Behavior [ RunTime:0.000760s ]
INFO: [ view_filter ] --END-- [ RunTime:0.003567s ]
INFO: [ view_end ] --START--
INFO: Run ShowPageTrace Behavior [ RunTime:0.000733s ]
INFO: [ view_end ] --END-- [ RunTime:0.000802s ]

[ 2013-03-06T02:07:41+08:00 ] 0.0.0.0 /
INFO: [ app_begin ] --START--
INFO: Run ReadHtmlCache Behavior [ RunTime:0.000817s ]
INFO: Run CheckLang Behavior [ RunTime:0.001237s ]
INFO: [ app_begin ] --END-- [ RunTime:0.002204s ]
INFO: [ view_template ] --START--
INFO: Run LocationTemplate Behavior [ RunTime:0.000781s ]
INFO: [ view_template ] --END-- [ RunTime:0.000853s ]
INFO: [ view_parse ] --START--
NOTIC: [8] Undefined index: _URL_ C:\Users\Bo\lib\pbdm.cc\protected\pbdm\Runtime\Cache\ee145ef08c34c9d5614a476640c81a5c.php 第 51 行.
NOTIC: [8] Undefined index: _URL_ C:\Users\Bo\lib\pbdm.cc\protected\pbdm\Runtime\Cache\ee145ef08c34c9d5614a476640c81a5c.php 第 53 行.
INFO: Run ParseTemplate Behavior [ RunTime:0.009744s ]
INFO: [ view_parse ] --END-- [ RunTime:0.009823s ]
INFO: [ view_filter ] --START--
INFO: Run ContentReplace Behavior [ RunTime:0.000555s ]
INFO: Run TokenBuild Behavior [ RunTime:0.000515s ]
INFO: Run WriteHtmlCache Behavior [ RunTime:0.000370s ]
INFO: Run ShowRuntime Behavior [ RunTime:0.000559s ]
INFO: [ view_filter ] --END-- [ RunTime:0.002166s ]
INFO: [ view_end ] --START--
INFO: Run ShowPageTrace Behavior [ RunTime:0.001044s ]
INFO: [ view_end ] --END-- [ RunTime:0.001136s ]

[ 2013-03-06T02:07:44+08:00 ] 0.0.0.0 /
INFO: [ app_begin ] --START--
INFO: Run ReadHtmlCache Behavior [ RunTime:0.000658s ]
INFO: Run CheckLang Behavior [ RunTime:0.001054s ]
INFO: [ app_begin ] --END-- [ RunTime:0.001827s ]
INFO: [ view_template ] --START--
INFO: Run LocationTemplate Behavior [ RunTime:0.001121s ]
INFO: [ view_template ] --END-- [ RunTime:0.001225s ]
INFO: [ view_parse ] --START--
NOTIC: [8] Undefined index: _URL_ C:\Users\Bo\lib\pbdm.cc\protected\pbdm\Runtime\Cache\ee145ef08c34c9d5614a476640c81a5c.php 第 51 行.
NOTIC: [8] Undefined index: _URL_ C:\Users\Bo\lib\pbdm.cc\protected\pbdm\Runtime\Cache\ee145ef08c34c9d5614a476640c81a5c.php 第 53 行.
INFO: Run ParseTemplate Behavior [ RunTime:0.008666s ]
INFO: [ view_parse ] --END-- [ RunTime:0.008740s ]
INFO: [ view_filter ] --START--
INFO: Run ContentReplace Behavior [ RunTime:0.000773s ]
INFO: Run TokenBuild Behavior [ RunTime:0.000680s ]
INFO: Run WriteHtmlCache Behavior [ RunTime:0.000507s ]
INFO: Run ShowRuntime Behavior [ RunTime:0.000567s ]
INFO: [ view_filter ] --END-- [ RunTime:0.002746s ]
INFO: [ view_end ] --START--
INFO: Run ShowPageTrace Behavior [ RunTime:0.000787s ]
INFO: [ view_end ] --END-- [ RunTime:0.000886s ]

[ 2013-03-06T02:07:50+08:00 ] 0.0.0.0 /
INFO: [ app_begin ] --START--
INFO: Run ReadHtmlCache Behavior [ RunTime:0.000520s ]
INFO: Run CheckLang Behavior [ RunTime:0.000841s ]
INFO: [ app_begin ] --END-- [ RunTime:0.001487s ]
INFO: [ view_template ] --START--
INFO: Run LocationTemplate Behavior [ RunTime:0.000391s ]
INFO: [ view_template ] --END-- [ RunTime:0.000446s ]
INFO: [ view_parse ] --START--
NOTIC: [8] Undefined index: _URL_ C:\Users\Bo\lib\pbdm.cc\protected\pbdm\Runtime\Cache\ee145ef08c34c9d5614a476640c81a5c.php 第 51 行.
NOTIC: [8] Undefined index: _URL_ C:\Users\Bo\lib\pbdm.cc\protected\pbdm\Runtime\Cache\ee145ef08c34c9d5614a476640c81a5c.php 第 53 行.
INFO: Run ParseTemplate Behavior [ RunTime:0.008170s ]
INFO: [ view_parse ] --END-- [ RunTime:0.008255s ]
INFO: [ view_filter ] --START--
INFO: Run ContentReplace Behavior [ RunTime:0.000591s ]
INFO: Run TokenBuild Behavior [ RunTime:0.000695s ]
INFO: Run WriteHtmlCache Behavior [ RunTime:0.000415s ]
INFO: Run ShowRuntime Behavior [ RunTime:0.000727s ]
INFO: [ view_filter ] --END-- [ RunTime:0.002651s ]
INFO: [ view_end ] --START--
INFO: Run ShowPageTrace Behavior [ RunTime:0.000921s ]
INFO: [ view_end ] --END-- [ RunTime:0.001183s ]

[ 2013-03-06T02:07:55+08:00 ] 0.0.0.0 /
INFO: [ app_begin ] --START--
INFO: Run ReadHtmlCache Behavior [ RunTime:0.000487s ]
INFO: Run CheckLang Behavior [ RunTime:0.000856s ]
INFO: [ app_begin ] --END-- [ RunTime:0.001467s ]
INFO: [ view_template ] --START--
INFO: Run LocationTemplate Behavior [ RunTime:0.000390s ]
INFO: [ view_template ] --END-- [ RunTime:0.000445s ]
INFO: [ view_parse ] --START--
NOTIC: [8] Undefined index: _URL_ C:\Users\Bo\lib\pbdm.cc\protected\pbdm\Runtime\Cache\ee145ef08c34c9d5614a476640c81a5c.php 第 51 行.
NOTIC: [8] Undefined index: _URL_ C:\Users\Bo\lib\pbdm.cc\protected\pbdm\Runtime\Cache\ee145ef08c34c9d5614a476640c81a5c.php 第 53 行.
INFO: Run ParseTemplate Behavior [ RunTime:0.008204s ]
INFO: [ view_parse ] --END-- [ RunTime:0.008294s ]
INFO: [ view_filter ] --START--
INFO: Run ContentReplace Behavior [ RunTime:0.000731s ]
INFO: Run TokenBuild Behavior [ RunTime:0.000418s ]
INFO: Run WriteHtmlCache Behavior [ RunTime:0.000298s ]
INFO: Run ShowRuntime Behavior [ RunTime:0.000806s ]
INFO: [ view_filter ] --END-- [ RunTime:0.002471s ]
INFO: [ view_end ] --START--
INFO: Run ShowPageTrace Behavior [ RunTime:0.000867s ]
INFO: [ view_end ] --END-- [ RunTime:0.000939s ]

[ 2013-03-06T02:08:44+08:00 ] 0.0.0.0 /
INFO: [ app_begin ] --START--
INFO: Run ReadHtmlCache Behavior [ RunTime:0.001287s ]
INFO: Run CheckLang Behavior [ RunTime:0.002550s ]
INFO: [ app_begin ] --END-- [ RunTime:0.004098s ]
INFO: [ view_template ] --START--
INFO: Run LocationTemplate Behavior [ RunTime:0.001569s ]
INFO: [ view_template ] --END-- [ RunTime:0.001734s ]
INFO: [ view_parse ] --START--
NOTIC: [8] Undefined index: _URL_ C:\Users\Bo\lib\pbdm.cc\protected\pbdm\Runtime\Cache\ee145ef08c34c9d5614a476640c81a5c.php 第 51 行.
NOTIC: [8] Undefined index: _URL_ C:\Users\Bo\lib\pbdm.cc\protected\pbdm\Runtime\Cache\ee145ef08c34c9d5614a476640c81a5c.php 第 53 行.
INFO: Run ParseTemplate Behavior [ RunTime:0.013080s ]
INFO: [ view_parse ] --END-- [ RunTime:0.013198s ]
INFO: [ view_filter ] --START--
INFO: Run ContentReplace Behavior [ RunTime:0.000920s ]
INFO: Run TokenBuild Behavior [ RunTime:0.000506s ]
INFO: Run WriteHtmlCache Behavior [ RunTime:0.000490s ]
INFO: Run ShowRuntime Behavior [ RunTime:0.000617s ]
INFO: [ view_filter ] --END-- [ RunTime:0.002732s ]
INFO: [ view_end ] --START--
INFO: Run ShowPageTrace Behavior [ RunTime:0.000743s ]
INFO: [ view_end ] --END-- [ RunTime:0.000825s ]

[ 2013-03-06T02:08:55+08:00 ] 0.0.0.0 /cv
INFO: [ route_check ] --START--
INFO: Run CheckRoute Behavior [ RunTime:0.001304s ]
INFO: [ route_check ] --END-- [ RunTime:0.001437s ]
INFO: [ app_begin ] --START--
INFO: Run ReadHtmlCache Behavior [ RunTime:0.000565s ]
INFO: Run CheckLang Behavior [ RunTime:0.000859s ]
INFO: [ app_begin ] --END-- [ RunTime:0.001517s ]
INFO: [ view_template ] --START--
INFO: Run LocationTemplate Behavior [ RunTime:0.000618s ]
INFO: [ view_template ] --END-- [ RunTime:0.000676s ]
INFO: [ view_parse ] --START--
INFO: Run ParseTemplate Behavior [ RunTime:0.022071s ]
INFO: [ view_parse ] --END-- [ RunTime:0.022172s ]
INFO: [ view_filter ] --START--
INFO: Run ContentReplace Behavior [ RunTime:0.000547s ]
INFO: Run TokenBuild Behavior [ RunTime:0.000403s ]
INFO: Run WriteHtmlCache Behavior [ RunTime:0.000691s ]
INFO: Run ShowRuntime Behavior [ RunTime:0.000776s ]
INFO: [ view_filter ] --END-- [ RunTime:0.002616s ]
INFO: [ view_end ] --START--
INFO: Run ShowPageTrace Behavior [ RunTime:0.000673s ]
INFO: [ view_end ] --END-- [ RunTime:0.000727s ]

[ 2013-03-06T02:08:58+08:00 ] ERR: (ThinkException) _ERROR_ACTION_:ssss
[ 2013-03-06T02:08:58+08:00 ] ERR: (ThinkException) _ERROR_ACTION_:favicon
[ 2013-03-06T02:09:06+08:00 ] ERR: (ThinkException) _ERROR_ACTION_:ssss
[ 2013-03-06T02:09:06+08:00 ] ERR: (ThinkException) _ERROR_ACTION_:favicon
[ 2013-03-06T02:09:07+08:00 ] ERR: (ThinkException) _ERROR_ACTION_:ssss
[ 2013-03-06T02:09:07+08:00 ] ERR: (ThinkException) _ERROR_ACTION_:favicon
[ 2013-03-06T02:09:07+08:00 ] ERR: (ThinkException) _ERROR_ACTION_:ssss
[ 2013-03-06T02:09:08+08:00 ] ERR: (ThinkException) _ERROR_ACTION_:favicon
[ 2013-03-06T02:09:08+08:00 ] ERR: (ThinkException) _ERROR_ACTION_:ssss
[ 2013-03-06T02:09:08+08:00 ] ERR: (ThinkException) _ERROR_ACTION_:favicon
[ 2013-03-06T02:09:08+08:00 ] ERR: (ThinkException) _ERROR_ACTION_:ssss
[ 2013-03-06T02:09:08+08:00 ] ERR: (ThinkException) _ERROR_ACTION_:favicon
[ 2013-03-06T02:09:18+08:00 ] ERR: (ThinkException) _ERROR_ACTION_:ssss
[ 2013-03-06T02:09:18+08:00 ] ERR: (ThinkException) _ERROR_ACTION_:favicon
[ 2013-03-06T02:11:47+08:00 ] 0.0.0.0 /
INFO: [ app_begin ] --START--
INFO: Run ReadHtmlCache Behavior [ RunTime:0.000896s ]
INFO: Run CheckLang Behavior [ RunTime:0.001953s ]
INFO: [ app_begin ] --END-- [ RunTime:0.003141s ]
INFO: [ view_template ] --START--
INFO: Run LocationTemplate Behavior [ RunTime:0.000794s ]
INFO: [ view_template ] --END-- [ RunTime:0.000868s ]
INFO: [ view_parse ] --START--
NOTIC: [8] Undefined index: _URL_ C:\Users\Bo\lib\pbdm.cc\protected\pbdm\Runtime\Cache\ee145ef08c34c9d5614a476640c81a5c.php 第 51 行.
NOTIC: [8] Undefined index: _URL_ C:\Users\Bo\lib\pbdm.cc\protected\pbdm\Runtime\Cache\ee145ef08c34c9d5614a476640c81a5c.php 第 53 行.
INFO: Run ParseTemplate Behavior [ RunTime:0.011207s ]
INFO: [ view_parse ] --END-- [ RunTime:0.011293s ]
INFO: [ view_filter ] --START--
INFO: Run ContentReplace Behavior [ RunTime:0.000564s ]
INFO: Run TokenBuild Behavior [ RunTime:0.000658s ]
INFO: Run WriteHtmlCache Behavior [ RunTime:0.000659s ]
INFO: Run ShowRuntime Behavior [ RunTime:0.000733s ]
INFO: [ view_filter ] --END-- [ RunTime:0.002927s ]
INFO: [ view_end ] --START--
INFO: Run ShowPageTrace Behavior [ RunTime:0.001147s ]
INFO: [ view_end ] --END-- [ RunTime:0.001233s ]

[ 2013-03-06T02:12:08+08:00 ] 0.0.0.0 /
INFO: [ app_begin ] --START--
INFO: Run ReadHtmlCache Behavior [ RunTime:0.000771s ]
INFO: Run CheckLang Behavior [ RunTime:0.001612s ]
INFO: [ app_begin ] --END-- [ RunTime:0.002618s ]
INFO: [ view_template ] --START--
INFO: Run LocationTemplate Behavior [ RunTime:0.000506s ]
INFO: [ view_template ] --END-- [ RunTime:0.000589s ]
INFO: [ view_parse ] --START--
NOTIC: [8] Undefined index: _URL_ C:\Users\Bo\lib\pbdm.cc\protected\pbdm\Runtime\Cache\ee145ef08c34c9d5614a476640c81a5c.php 第 51 行.
NOTIC: [8] Undefined index: _URL_ C:\Users\Bo\lib\pbdm.cc\protected\pbdm\Runtime\Cache\ee145ef08c34c9d5614a476640c81a5c.php 第 53 行.
INFO: Run ParseTemplate Behavior [ RunTime:0.010407s ]
INFO: [ view_parse ] --END-- [ RunTime:0.010491s ]
INFO: [ view_filter ] --START--
INFO: Run ContentReplace Behavior [ RunTime:0.000493s ]
INFO: Run TokenBuild Behavior [ RunTime:0.000445s ]
INFO: Run WriteHtmlCache Behavior [ RunTime:0.000323s ]
INFO: Run ShowRuntime Behavior [ RunTime:0.000556s ]
INFO: [ view_filter ] --END-- [ RunTime:0.002012s ]
INFO: [ view_end ] --START--
INFO: Run ShowPageTrace Behavior [ RunTime:0.000843s ]
INFO: [ view_end ] --END-- [ RunTime:0.000933s ]

[ 2013-03-06T02:12:10+08:00 ] ERR: (ThinkException) _ERROR_ACTION_:sss
[ 2013-03-06T02:12:11+08:00 ] ERR: (ThinkException) _ERROR_ACTION_:favicon
[ 2013-03-06T02:12:21+08:00 ] ERR: (ThinkException) _ERROR_ACTION_:sss
[ 2013-03-06T02:12:22+08:00 ] ERR: (ThinkException) _ERROR_ACTION_:favicon
