[ 2013-03-03T00:24:22+08:00 ] 0.0.0.0 /
INFO: [ app_begin ] --START--
INFO: Run ReadHtmlCache Behavior [ RunTime:0.001406s ]
INFO: Run CheckLang Behavior [ RunTime:0.001443s ]
INFO: [ app_begin ] --END-- [ RunTime:0.003010s ]
INFO: [ view_template ] --START--
INFO: Run LocationTemplate Behavior [ RunTime:0.001536s ]
INFO: [ view_template ] --END-- [ RunTime:0.001632s ]
INFO: [ view_parse ] --START--
NOTIC: [8] Undefined index: _URL_ C:\Users\Bo\lib\pbdm.cc\protected\pbdm\Runtime\Cache\ee145ef08c34c9d5614a476640c81a5c.php 第 51 行.
NOTIC: [8] Undefined index: _URL_ C:\Users\Bo\lib\pbdm.cc\protected\pbdm\Runtime\Cache\ee145ef08c34c9d5614a476640c81a5c.php 第 53 行.
INFO: Run ParseTemplate Behavior [ RunTime:0.042356s ]
INFO: [ view_parse ] --END-- [ RunTime:0.042468s ]
INFO: [ view_filter ] --START--
INFO: Run ContentReplace Behavior [ RunTime:0.001406s ]
INFO: Run TokenBuild Behavior [ RunTime:0.001220s ]
INFO: Run WriteHtmlCache Behavior [ RunTime:0.003759s ]
INFO: Run ShowRuntime Behavior [ RunTime:0.004572s ]
INFO: [ view_filter ] --END-- [ RunTime:0.011256s ]
INFO: [ view_end ] --START--
INFO: Run ShowPageTrace Behavior [ RunTime:0.001149s ]
INFO: [ view_end ] --END-- [ RunTime:0.001206s ]

[ 2013-03-03T00:24:24+08:00 ] 0.0.0.0 /cv
INFO: [ route_check ] --START--
INFO: Run CheckRoute Behavior [ RunTime:0.007060s ]
INFO: [ route_check ] --END-- [ RunTime:0.007186s ]
INFO: [ app_begin ] --START--
INFO: Run ReadHtmlCache Behavior [ RunTime:0.000517s ]
INFO: Run CheckLang Behavior [ RunTime:0.000809s ]
INFO: [ app_begin ] --END-- [ RunTime:0.001419s ]
INFO: [ view_template ] --START--
INFO: Run LocationTemplate Behavior [ RunTime:0.000595s ]
INFO: [ view_template ] --END-- [ RunTime:0.000670s ]
INFO: [ view_parse ] --START--
INFO: Run ParseTemplate Behavior [ RunTime:0.018629s ]
INFO: [ view_parse ] --END-- [ RunTime:0.018748s ]
INFO: [ view_filter ] --START--
INFO: Run ContentReplace Behavior [ RunTime:0.000779s ]
INFO: Run TokenBuild Behavior [ RunTime:0.000468s ]
INFO: Run WriteHtmlCache Behavior [ RunTime:0.001001s ]
INFO: Run ShowRuntime Behavior [ RunTime:0.000553s ]
INFO: [ view_filter ] --END-- [ RunTime:0.003016s ]
INFO: [ view_end ] --START--
INFO: Run ShowPageTrace Behavior [ RunTime:0.000627s ]
INFO: [ view_end ] --END-- [ RunTime:0.000681s ]

