[ 2013-02-28T00:14:18+08:00 ] 0.0.0.0 /
INFO: [ app_begin ] --START--
INFO: Run ReadHtmlCache Behavior [ RunTime:0.006713s ]
INFO: [ app_begin ] --END-- [ RunTime:0.006866s ]
INFO: [ view_template ] --START--
INFO: Run LocationTemplate Behavior [ RunTime:0.005119s ]
INFO: [ view_template ] --END-- [ RunTime:0.005257s ]
INFO: [ view_parse ] --START--
INFO: Run ParseTemplate Behavior [ RunTime:0.082580s ]
INFO: [ view_parse ] --END-- [ RunTime:0.082722s ]
INFO: [ view_filter ] --START--
INFO: Run ContentReplace Behavior [ RunTime:0.005593s ]
INFO: Run TokenBuild Behavior [ RunTime:0.005947s ]
INFO: Run WriteHtmlCache Behavior [ RunTime:0.005677s ]
INFO: Run ShowRuntime Behavior [ RunTime:0.007841s ]
INFO: [ view_filter ] --END-- [ RunTime:0.025457s ]
INFO: [ view_end ] --START--
INFO: Run ShowPageTrace Behavior [ RunTime:0.005134s ]
INFO: [ view_end ] --END-- [ RunTime:0.005257s ]

[ 2013-02-28T00:14:20+08:00 ] ERR: (ThinkException) 非法操作:publicassets
[ 2013-02-28T00:14:25+08:00 ] 0.0.0.0 /cv
INFO: [ route_check ] --START--
INFO: Run CheckRoute Behavior [ RunTime:0.001386s ]
INFO: [ route_check ] --END-- [ RunTime:0.001536s ]
INFO: [ app_begin ] --START--
INFO: Run ReadHtmlCache Behavior [ RunTime:0.000918s ]
INFO: [ app_begin ] --END-- [ RunTime:0.001027s ]
INFO: [ view_template ] --START--
INFO: Run LocationTemplate Behavior [ RunTime:0.000633s ]
INFO: [ view_template ] --END-- [ RunTime:0.000710s ]
INFO: [ view_parse ] --START--
INFO: Run ParseTemplate Behavior [ RunTime:0.015178s ]
INFO: [ view_parse ] --END-- [ RunTime:0.015315s ]
INFO: [ view_filter ] --START--
INFO: Run ContentReplace Behavior [ RunTime:0.000702s ]
INFO: Run TokenBuild Behavior [ RunTime:0.000599s ]
INFO: Run WriteHtmlCache Behavior [ RunTime:0.000428s ]
INFO: Run ShowRuntime Behavior [ RunTime:0.000769s ]
INFO: [ view_filter ] --END-- [ RunTime:0.002764s ]
INFO: [ view_end ] --START--
INFO: Run ShowPageTrace Behavior [ RunTime:0.000992s ]
INFO: [ view_end ] --END-- [ RunTime:0.001149s ]

[ 2013-02-28T00:14:25+08:00 ] ERR: (ThinkException) 非法操作:publicassets
[ 2013-02-28T00:16:07+08:00 ] 0.0.0.0 /cv
INFO: [ route_check ] --START--
INFO: Run CheckRoute Behavior [ RunTime:0.001148s ]
INFO: [ route_check ] --END-- [ RunTime:0.001259s ]
INFO: [ app_begin ] --START--
INFO: Run ReadHtmlCache Behavior [ RunTime:0.000937s ]
INFO: [ app_begin ] --END-- [ RunTime:0.001031s ]
INFO: [ view_template ] --START--
INFO: Run LocationTemplate Behavior [ RunTime:0.000923s ]
INFO: [ view_template ] --END-- [ RunTime:0.001018s ]
INFO: [ view_parse ] --START--
INFO: Run ParseTemplate Behavior [ RunTime:0.015401s ]
INFO: [ view_parse ] --END-- [ RunTime:0.015526s ]
INFO: [ view_filter ] --START--
INFO: Run ContentReplace Behavior [ RunTime:0.000609s ]
INFO: Run TokenBuild Behavior [ RunTime:0.000605s ]
INFO: Run WriteHtmlCache Behavior [ RunTime:0.000452s ]
INFO: Run ShowRuntime Behavior [ RunTime:0.000589s ]
INFO: [ view_filter ] --END-- [ RunTime:0.002529s ]
INFO: [ view_end ] --START--
INFO: Run ShowPageTrace Behavior [ RunTime:0.000720s ]
INFO: [ view_end ] --END-- [ RunTime:0.000778s ]

[ 2013-02-28T00:16:08+08:00 ] ERR: (ThinkException) 非法操作:publicassets
[ 2013-02-28T00:16:45+08:00 ] 0.0.0.0 /cv
INFO: [ route_check ] --START--
INFO: Run CheckRoute Behavior [ RunTime:0.000874s ]
INFO: [ route_check ] --END-- [ RunTime:0.000979s ]
INFO: [ app_begin ] --START--
INFO: Run ReadHtmlCache Behavior [ RunTime:0.000562s ]
INFO: [ app_begin ] --END-- [ RunTime:0.000617s ]
INFO: [ view_template ] --START--
INFO: Run LocationTemplate Behavior [ RunTime:0.001263s ]
INFO: [ view_template ] --END-- [ RunTime:0.001395s ]
INFO: [ view_parse ] --START--
INFO: Run ParseTemplate Behavior [ RunTime:0.015252s ]
INFO: [ view_parse ] --END-- [ RunTime:0.015396s ]
INFO: [ view_filter ] --START--
INFO: Run ContentReplace Behavior [ RunTime:0.000805s ]
INFO: Run TokenBuild Behavior [ RunTime:0.000508s ]
INFO: Run WriteHtmlCache Behavior [ RunTime:0.000393s ]
INFO: Run ShowRuntime Behavior [ RunTime:0.000592s ]
INFO: [ view_filter ] --END-- [ RunTime:0.002510s ]
INFO: [ view_end ] --START--
INFO: Run ShowPageTrace Behavior [ RunTime:0.000810s ]
INFO: [ view_end ] --END-- [ RunTime:0.000892s ]

[ 2013-02-28T00:16:46+08:00 ] ERR: (ThinkException) 非法操作:publicassets
[ 2013-02-28T00:17:02+08:00 ] 0.0.0.0 /demo
INFO: [ route_check ] --START--
INFO: Run CheckRoute Behavior [ RunTime:0.000752s ]
INFO: [ route_check ] --END-- [ RunTime:0.000862s ]
INFO: [ app_begin ] --START--
INFO: Run ReadHtmlCache Behavior [ RunTime:0.000517s ]
INFO: [ app_begin ] --END-- [ RunTime:0.000577s ]
INFO: [ view_template ] --START--
INFO: Run LocationTemplate Behavior [ RunTime:0.000510s ]
INFO: [ view_template ] --END-- [ RunTime:0.000573s ]
INFO: [ view_parse ] --START--
INFO: Run ParseTemplate Behavior [ RunTime:0.029635s ]
INFO: [ view_parse ] --END-- [ RunTime:0.029781s ]
INFO: [ view_filter ] --START--
INFO: Run ContentReplace Behavior [ RunTime:0.000861s ]
INFO: Run TokenBuild Behavior [ RunTime:0.000492s ]
INFO: Run WriteHtmlCache Behavior [ RunTime:0.000347s ]
INFO: Run ShowRuntime Behavior [ RunTime:0.000559s ]
INFO: [ view_filter ] --END-- [ RunTime:0.002456s ]
INFO: [ view_end ] --START--
INFO: Run ShowPageTrace Behavior [ RunTime:0.000916s ]
INFO: [ view_end ] --END-- [ RunTime:0.001018s ]

[ 2013-02-28T00:17:04+08:00 ] ERR: (ThinkException) 非法操作:publicassets
[ 2013-02-28T00:17:15+08:00 ] 0.0.0.0 /
INFO: [ app_begin ] --START--
INFO: Run ReadHtmlCache Behavior [ RunTime:0.000666s ]
INFO: [ app_begin ] --END-- [ RunTime:0.000762s ]
INFO: [ view_template ] --START--
INFO: Run LocationTemplate Behavior [ RunTime:0.000734s ]
INFO: [ view_template ] --END-- [ RunTime:0.000793s ]
INFO: [ view_parse ] --START--
INFO: Run ParseTemplate Behavior [ RunTime:0.010759s ]
INFO: [ view_parse ] --END-- [ RunTime:0.010864s ]
INFO: [ view_filter ] --START--
INFO: Run ContentReplace Behavior [ RunTime:0.000783s ]
INFO: Run TokenBuild Behavior [ RunTime:0.000651s ]
INFO: Run WriteHtmlCache Behavior [ RunTime:0.000501s ]
INFO: Run ShowRuntime Behavior [ RunTime:0.000758s ]
INFO: [ view_filter ] --END-- [ RunTime:0.002960s ]
INFO: [ view_end ] --START--
INFO: Run ShowPageTrace Behavior [ RunTime:0.000935s ]
INFO: [ view_end ] --END-- [ RunTime:0.001014s ]

[ 2013-02-28T00:17:15+08:00 ] ERR: (ThinkException) 非法操作:publicassets
[ 2013-02-28T00:50:26+08:00 ] ERR: (ThinkException) 非法操作:favicon
[ 2013-02-28T00:50:59+08:00 ] ERR: (ThinkException) 非法操作:favicon
[ 2013-02-28T00:51:04+08:00 ] ERR: (ThinkException) 非法操作:favicon
[ 2013-02-28T00:51:11+08:00 ] ERR: (ThinkException) 非法操作:favicon
[ 2013-02-28T00:51:15+08:00 ] ERR: (ThinkException) 非法操作:publicassets
[ 2013-02-28T00:51:15+08:00 ] ERR: (ThinkException) 非法操作:favicon
[ 2013-02-28T00:51:25+08:00 ] ERR: (ThinkException) 非法操作:publicassets
[ 2013-02-28T00:51:25+08:00 ] ERR: (ThinkException) 非法操作:favicon
[ 2013-02-28T00:51:29+08:00 ] ERR: (ThinkException) 非法操作:favicon
[ 2013-02-28T00:55:55+08:00 ] ERR: (ThinkException) 非法操作:publicassets
