[ 2013-02-26T22:16:43+08:00 ] 0.0.0.0 /
INFO: [ app_begin ] --START--
INFO: Run ReadHtmlCache Behavior [ RunTime:0.000923s ]
INFO: [ app_begin ] --END-- [ RunTime:0.001053s ]
INFO: [ view_template ] --START--
INFO: Run LocationTemplate Behavior [ RunTime:0.000917s ]
INFO: [ view_template ] --END-- [ RunTime:0.001009s ]
INFO: [ view_parse ] --START--
INFO: Run ParseTemplate Behavior [ RunTime:0.031592s ]
INFO: [ view_parse ] --END-- [ RunTime:0.031730s ]
INFO: [ view_filter ] --START--
INFO: Run ContentReplace Behavior [ RunTime:0.001282s ]
INFO: Run TokenBuild Behavior [ RunTime:0.000661s ]
INFO: Run WriteHtmlCache Behavior [ RunTime:0.000422s ]
INFO: Run ShowRuntime Behavior [ RunTime:0.000668s ]
INFO: [ view_filter ] --END-- [ RunTime:0.003264s ]
INFO: [ view_end ] --START--
INFO: Run ShowPageTrace Behavior [ RunTime:0.000966s ]
INFO: [ view_end ] --END-- [ RunTime:0.001061s ]

[ 2013-02-26T22:16:44+08:00 ] ERR: (ThinkException) 无法加载模块:css
[ 2013-02-26T22:16:44+08:00 ] ERR: (ThinkException) 无法加载模块:assets
[ 2013-02-26T22:16:44+08:00 ] ERR: (ThinkException) 无法加载模块:assets
[ 2013-02-26T22:16:44+08:00 ] ERR: (ThinkException) 无法加载模块:assets
[ 2013-02-26T22:16:44+08:00 ] ERR: (ThinkException) 无法加载模块:assets
[ 2013-02-26T22:16:44+08:00 ] ERR: (ThinkException) 无法加载模块:assets
[ 2013-02-26T22:16:44+08:00 ] ERR: (ThinkException) 无法加载模块:assets
[ 2013-02-26T22:16:44+08:00 ] ERR: (ThinkException) 无法加载模块:assets
[ 2013-02-26T22:16:44+08:00 ] ERR: (ThinkException) 无法加载模块:assets
[ 2013-02-26T22:16:44+08:00 ] ERR: (ThinkException) 无法加载模块:assets
[ 2013-02-26T22:16:44+08:00 ] ERR: (ThinkException) 无法加载模块:assets
[ 2013-02-26T22:16:44+08:00 ] ERR: (ThinkException) 无法加载模块:assets
[ 2013-02-26T22:16:45+08:00 ] ERR: (ThinkException) 无法加载模块:assets
[ 2013-02-26T22:19:24+08:00 ] 0.0.0.0 /
INFO: [ app_begin ] --START--
INFO: Run ReadHtmlCache Behavior [ RunTime:0.000798s ]
INFO: [ app_begin ] --END-- [ RunTime:0.000917s ]
INFO: [ view_template ] --START--
INFO: Run LocationTemplate Behavior [ RunTime:0.000657s ]
INFO: [ view_template ] --END-- [ RunTime:0.000718s ]
INFO: [ view_parse ] --START--
INFO: Run ParseTemplate Behavior [ RunTime:0.033701s ]
INFO: [ view_parse ] --END-- [ RunTime:0.033834s ]
INFO: [ view_filter ] --START--
INFO: Run ContentReplace Behavior [ RunTime:0.001380s ]
INFO: Run TokenBuild Behavior [ RunTime:0.000915s ]
INFO: Run WriteHtmlCache Behavior [ RunTime:0.000623s ]
INFO: Run ShowRuntime Behavior [ RunTime:0.000892s ]
INFO: [ view_filter ] --END-- [ RunTime:0.004112s ]
INFO: [ view_end ] --START--
INFO: Run ShowPageTrace Behavior [ RunTime:0.001052s ]
INFO: [ view_end ] --END-- [ RunTime:0.001129s ]

[ 2013-02-26T22:19:24+08:00 ] ERR: (ThinkException) 无法加载模块:assets
[ 2013-02-26T22:19:24+08:00 ] ERR: (ThinkException) 无法加载模块:publicassets
[ 2013-02-26T22:19:24+08:00 ] ERR: (ThinkException) 无法加载模块:publicassets
[ 2013-02-26T22:19:24+08:00 ] ERR: (ThinkException) 无法加载模块:publicassets
[ 2013-02-26T22:19:24+08:00 ] ERR: (ThinkException) 无法加载模块:assets
[ 2013-02-26T22:19:24+08:00 ] ERR: (ThinkException) 无法加载模块:publiccss
[ 2013-02-26T22:19:24+08:00 ] ERR: (ThinkException) 无法加载模块:assets
[ 2013-02-26T22:19:24+08:00 ] ERR: (ThinkException) 无法加载模块:assets
[ 2013-02-26T22:19:24+08:00 ] ERR: (ThinkException) 无法加载模块:assets
[ 2013-02-26T22:19:24+08:00 ] ERR: (ThinkException) 无法加载模块:assets
[ 2013-02-26T22:19:24+08:00 ] ERR: (ThinkException) 无法加载模块:publicassets
[ 2013-02-26T22:19:25+08:00 ] ERR: (ThinkException) 无法加载模块:publicassets
[ 2013-02-26T22:20:32+08:00 ] 0.0.0.0 /
INFO: [ app_begin ] --START--
INFO: Run ReadHtmlCache Behavior [ RunTime:0.000608s ]
INFO: [ app_begin ] --END-- [ RunTime:0.000713s ]
INFO: [ view_template ] --START--
INFO: Run LocationTemplate Behavior [ RunTime:0.000820s ]
INFO: [ view_template ] --END-- [ RunTime:0.000903s ]
INFO: [ view_parse ] --START--
INFO: Run ParseTemplate Behavior [ RunTime:0.033777s ]
INFO: [ view_parse ] --END-- [ RunTime:0.033926s ]
INFO: [ view_filter ] --START--
INFO: Run ContentReplace Behavior [ RunTime:0.001196s ]
INFO: Run TokenBuild Behavior [ RunTime:0.000631s ]
INFO: Run WriteHtmlCache Behavior [ RunTime:0.000451s ]
INFO: Run ShowRuntime Behavior [ RunTime:0.001201s ]
INFO: [ view_filter ] --END-- [ RunTime:0.003722s ]
INFO: [ view_end ] --START--
INFO: Run ShowPageTrace Behavior [ RunTime:0.000956s ]
INFO: [ view_end ] --END-- [ RunTime:0.001030s ]

[ 2013-02-26T22:20:32+08:00 ] ERR: (ThinkException) 无法加载模块:publicassets
[ 2013-02-26T22:20:32+08:00 ] ERR: (ThinkException) 无法加载模块:publiccss
[ 2013-02-26T22:20:32+08:00 ] ERR: (ThinkException) 无法加载模块:publicassets
[ 2013-02-26T22:20:32+08:00 ] ERR: (ThinkException) 无法加载模块:publicassets
[ 2013-02-26T22:20:32+08:00 ] ERR: (ThinkException) 无法加载模块:publicassets
[ 2013-02-26T22:20:32+08:00 ] ERR: (ThinkException) 无法加载模块:publicassets
[ 2013-02-26T22:20:32+08:00 ] ERR: (ThinkException) 无法加载模块:publicassets
[ 2013-02-26T22:20:32+08:00 ] ERR: (ThinkException) 无法加载模块:publicassets
[ 2013-02-26T22:20:32+08:00 ] ERR: (ThinkException) 无法加载模块:publicassets
[ 2013-02-26T22:20:32+08:00 ] ERR: (ThinkException) 无法加载模块:publicassets
[ 2013-02-26T22:20:35+08:00 ] 0.0.0.0 /
INFO: [ app_begin ] --START--
INFO: Run ReadHtmlCache Behavior [ RunTime:0.000559s ]
INFO: [ app_begin ] --END-- [ RunTime:0.000657s ]
INFO: [ view_template ] --START--
INFO: Run LocationTemplate Behavior [ RunTime:0.000766s ]
INFO: [ view_template ] --END-- [ RunTime:0.000836s ]
INFO: [ view_parse ] --START--
INFO: Run ParseTemplate Behavior [ RunTime:0.033399s ]
INFO: [ view_parse ] --END-- [ RunTime:0.033504s ]
INFO: [ view_filter ] --START--
INFO: Run ContentReplace Behavior [ RunTime:0.001093s ]
INFO: Run TokenBuild Behavior [ RunTime:0.000699s ]
INFO: Run WriteHtmlCache Behavior [ RunTime:0.000410s ]
INFO: Run ShowRuntime Behavior [ RunTime:0.000674s ]
INFO: [ view_filter ] --END-- [ RunTime:0.003080s ]
INFO: [ view_end ] --START--
INFO: Run ShowPageTrace Behavior [ RunTime:0.000729s ]
INFO: [ view_end ] --END-- [ RunTime:0.000788s ]

[ 2013-02-26T22:20:35+08:00 ] ERR: (ThinkException) 无法加载模块:publicassets
[ 2013-02-26T22:20:35+08:00 ] ERR: (ThinkException) 无法加载模块:publiccss
[ 2013-02-26T22:20:35+08:00 ] ERR: (ThinkException) 无法加载模块:publicassets
[ 2013-02-26T22:20:35+08:00 ] ERR: (ThinkException) 无法加载模块:publicassets
[ 2013-02-26T22:20:35+08:00 ] ERR: (ThinkException) 无法加载模块:publicassets
[ 2013-02-26T22:20:36+08:00 ] 0.0.0.0 /
INFO: [ app_begin ] --START--
INFO: Run ReadHtmlCache Behavior [ RunTime:0.000710s ]
INFO: [ app_begin ] --END-- [ RunTime:0.000829s ]
INFO: [ view_template ] --START--
INFO: Run LocationTemplate Behavior [ RunTime:0.000497s ]
INFO: [ view_template ] --END-- [ RunTime:0.000575s ]
INFO: [ view_parse ] --START--
INFO: Run ParseTemplate Behavior [ RunTime:0.034998s ]
INFO: [ view_parse ] --END-- [ RunTime:0.035232s ]
INFO: [ view_filter ] --START--
INFO: Run ContentReplace Behavior [ RunTime:0.001145s ]
INFO: Run TokenBuild Behavior [ RunTime:0.000774s ]
INFO: Run WriteHtmlCache Behavior [ RunTime:0.000483s ]
INFO: Run ShowRuntime Behavior [ RunTime:0.001224s ]
INFO: [ view_filter ] --END-- [ RunTime:0.003959s ]
INFO: [ view_end ] --START--
INFO: Run ShowPageTrace Behavior [ RunTime:0.000889s ]
INFO: [ view_end ] --END-- [ RunTime:0.001006s ]

[ 2013-02-26T22:20:36+08:00 ] ERR: (ThinkException) 无法加载模块:publicassets
[ 2013-02-26T22:20:36+08:00 ] ERR: (ThinkException) 无法加载模块:publiccss
[ 2013-02-26T22:20:36+08:00 ] ERR: (ThinkException) 无法加载模块:publicassets
[ 2013-02-26T22:20:36+08:00 ] ERR: (ThinkException) 无法加载模块:publicassets
[ 2013-02-26T22:20:36+08:00 ] ERR: (ThinkException) 无法加载模块:publicassets
[ 2013-02-26T22:20:39+08:00 ] ERR: (ThinkException) 无法加载模块:publicassets
[ 2013-02-26T22:20:40+08:00 ] ERR: (ThinkException) 无法加载模块:publicassets
[ 2013-02-26T22:20:45+08:00 ] 0.0.0.0 /
INFO: [ app_begin ] --START--
INFO: Run ReadHtmlCache Behavior [ RunTime:0.000627s ]
INFO: [ app_begin ] --END-- [ RunTime:0.000734s ]
INFO: [ view_template ] --START--
INFO: Run LocationTemplate Behavior [ RunTime:0.000476s ]
INFO: [ view_template ] --END-- [ RunTime:0.000548s ]
INFO: [ view_parse ] --START--
INFO: Run ParseTemplate Behavior [ RunTime:0.031645s ]
INFO: [ view_parse ] --END-- [ RunTime:0.031756s ]
INFO: [ view_filter ] --START--
INFO: Run ContentReplace Behavior [ RunTime:0.000812s ]
INFO: Run TokenBuild Behavior [ RunTime:0.000457s ]
INFO: Run WriteHtmlCache Behavior [ RunTime:0.000332s ]
INFO: Run ShowRuntime Behavior [ RunTime:0.000560s ]
INFO: [ view_filter ] --END-- [ RunTime:0.002342s ]
INFO: [ view_end ] --START--
INFO: Run ShowPageTrace Behavior [ RunTime:0.000591s ]
INFO: [ view_end ] --END-- [ RunTime:0.000647s ]

[ 2013-02-26T22:20:45+08:00 ] ERR: (ThinkException) 无法加载模块:publiccss
[ 2013-02-26T22:20:45+08:00 ] ERR: (ThinkException) 无法加载模块:publicassets
[ 2013-02-26T22:20:45+08:00 ] ERR: (ThinkException) 无法加载模块:publicassets
[ 2013-02-26T22:20:45+08:00 ] ERR: (ThinkException) 无法加载模块:publicassets
[ 2013-02-26T22:20:47+08:00 ] 0.0.0.0 /
INFO: [ app_begin ] --START--
INFO: Run ReadHtmlCache Behavior [ RunTime:0.000566s ]
INFO: [ app_begin ] --END-- [ RunTime:0.000667s ]
INFO: [ view_template ] --START--
INFO: Run LocationTemplate Behavior [ RunTime:0.000559s ]
INFO: [ view_template ] --END-- [ RunTime:0.000639s ]
INFO: [ view_parse ] --START--
INFO: Run ParseTemplate Behavior [ RunTime:0.034452s ]
INFO: [ view_parse ] --END-- [ RunTime:0.034564s ]
INFO: [ view_filter ] --START--
INFO: Run ContentReplace Behavior [ RunTime:0.000774s ]
INFO: Run TokenBuild Behavior [ RunTime:0.000507s ]
INFO: Run WriteHtmlCache Behavior [ RunTime:0.000352s ]
INFO: Run ShowRuntime Behavior [ RunTime:0.000559s ]
INFO: [ view_filter ] --END-- [ RunTime:0.002386s ]
INFO: [ view_end ] --START--
INFO: Run ShowPageTrace Behavior [ RunTime:0.000660s ]
INFO: [ view_end ] --END-- [ RunTime:0.000727s ]

[ 2013-02-26T22:20:47+08:00 ] ERR: (ThinkException) 无法加载模块:publicassets
[ 2013-02-26T22:20:47+08:00 ] ERR: (ThinkException) 无法加载模块:publiccss
[ 2013-02-26T22:20:47+08:00 ] ERR: (ThinkException) 无法加载模块:publicassets
[ 2013-02-26T22:20:47+08:00 ] ERR: (ThinkException) 无法加载模块:publicassets
[ 2013-02-26T22:20:47+08:00 ] ERR: (ThinkException) 无法加载模块:publicassets
[ 2013-02-26T22:20:47+08:00 ] ERR: (ThinkException) 无法加载模块:publicassets
[ 2013-02-26T22:20:47+08:00 ] 0.0.0.0 /
INFO: [ app_begin ] --START--
INFO: Run ReadHtmlCache Behavior [ RunTime:0.000556s ]
INFO: [ app_begin ] --END-- [ RunTime:0.000663s ]
INFO: [ view_template ] --START--
INFO: Run LocationTemplate Behavior [ RunTime:0.001054s ]
INFO: [ view_template ] --END-- [ RunTime:0.001266s ]
INFO: [ view_parse ] --START--
INFO: Run ParseTemplate Behavior [ RunTime:0.030995s ]
INFO: [ view_parse ] --END-- [ RunTime:0.031102s ]
INFO: [ view_filter ] --START--
INFO: Run ContentReplace Behavior [ RunTime:0.001364s ]
INFO: Run TokenBuild Behavior [ RunTime:0.000661s ]
INFO: Run WriteHtmlCache Behavior [ RunTime:0.000610s ]
INFO: Run ShowRuntime Behavior [ RunTime:0.000663s ]
INFO: [ view_filter ] --END-- [ RunTime:0.003519s ]
INFO: [ view_end ] --START--
INFO: Run ShowPageTrace Behavior [ RunTime:0.000978s ]
INFO: [ view_end ] --END-- [ RunTime:0.001049s ]

[ 2013-02-26T22:20:47+08:00 ] ERR: (ThinkException) 无法加载模块:publicassets
[ 2013-02-26T22:20:48+08:00 ] ERR: (ThinkException) 无法加载模块:publiccss
[ 2013-02-26T22:20:48+08:00 ] ERR: (ThinkException) 无法加载模块:publicassets
[ 2013-02-26T22:20:48+08:00 ] ERR: (ThinkException) 无法加载模块:publicassets
[ 2013-02-26T22:20:48+08:00 ] ERR: (ThinkException) 无法加载模块:publicassets
[ 2013-02-26T22:20:49+08:00 ] 0.0.0.0 /
INFO: [ app_begin ] --START--
INFO: Run ReadHtmlCache Behavior [ RunTime:0.000646s ]
INFO: [ app_begin ] --END-- [ RunTime:0.000768s ]
INFO: [ view_template ] --START--
INFO: Run LocationTemplate Behavior [ RunTime:0.000624s ]
INFO: [ view_template ] --END-- [ RunTime:0.000708s ]
INFO: [ view_parse ] --START--
INFO: Run ParseTemplate Behavior [ RunTime:0.031417s ]
INFO: [ view_parse ] --END-- [ RunTime:0.031543s ]
INFO: [ view_filter ] --START--
INFO: Run ContentReplace Behavior [ RunTime:0.000993s ]
INFO: Run TokenBuild Behavior [ RunTime:0.000565s ]
INFO: Run WriteHtmlCache Behavior [ RunTime:0.000519s ]
INFO: Run ShowRuntime Behavior [ RunTime:0.000838s ]
INFO: [ view_filter ] --END-- [ RunTime:0.003152s ]
INFO: [ view_end ] --START--
INFO: Run ShowPageTrace Behavior [ RunTime:0.000673s ]
INFO: [ view_end ] --END-- [ RunTime:0.000732s ]

[ 2013-02-26T22:20:49+08:00 ] ERR: (ThinkException) 无法加载模块:publicassets
[ 2013-02-26T22:20:49+08:00 ] ERR: (ThinkException) 无法加载模块:publiccss
[ 2013-02-26T22:20:49+08:00 ] ERR: (ThinkException) 无法加载模块:publicassets
[ 2013-02-26T22:20:49+08:00 ] ERR: (ThinkException) 无法加载模块:publicassets
[ 2013-02-26T22:20:50+08:00 ] ERR: (ThinkException) 无法加载模块:publicassets
[ 2013-02-26T22:20:50+08:00 ] ERR: (ThinkException) 无法加载模块:publicassets
[ 2013-02-26T22:20:51+08:00 ] ERR: (ThinkException) 无法加载模块:publicassets
[ 2013-02-26T22:21:25+08:00 ] 0.0.0.0 /
INFO: [ app_begin ] --START--
INFO: Run ReadHtmlCache Behavior [ RunTime:0.000727s ]
INFO: [ app_begin ] --END-- [ RunTime:0.000816s ]
INFO: [ view_template ] --START--
INFO: Run LocationTemplate Behavior [ RunTime:0.000749s ]
INFO: [ view_template ] --END-- [ RunTime:0.000835s ]
INFO: [ view_parse ] --START--
INFO: Run ParseTemplate Behavior [ RunTime:0.028726s ]
INFO: [ view_parse ] --END-- [ RunTime:0.028915s ]
INFO: [ view_filter ] --START--
INFO: Run ContentReplace Behavior [ RunTime:0.001212s ]
INFO: Run TokenBuild Behavior [ RunTime:0.000655s ]
INFO: Run WriteHtmlCache Behavior [ RunTime:0.000539s ]
INFO: Run ShowRuntime Behavior [ RunTime:0.001274s ]
INFO: [ view_filter ] --END-- [ RunTime:0.003930s ]
INFO: [ view_end ] --START--
INFO: Run ShowPageTrace Behavior [ RunTime:0.000822s ]
INFO: [ view_end ] --END-- [ RunTime:0.000880s ]

[ 2013-02-26T22:21:28+08:00 ] ERR: (ThinkException) 无法加载模块:publicassets
[ 2013-02-26T22:25:07+08:00 ] 0.0.0.0 /
INFO: [ app_begin ] --START--
INFO: Run ReadHtmlCache Behavior [ RunTime:0.000833s ]
INFO: [ app_begin ] --END-- [ RunTime:0.001000s ]
INFO: [ view_template ] --START--
INFO: Run LocationTemplate Behavior [ RunTime:0.000979s ]
INFO: [ view_template ] --END-- [ RunTime:0.001052s ]
INFO: [ view_parse ] --START--
INFO: Run ParseTemplate Behavior [ RunTime:0.031454s ]
INFO: [ view_parse ] --END-- [ RunTime:0.031569s ]
INFO: [ view_filter ] --START--
INFO: Run ContentReplace Behavior [ RunTime:0.000894s ]
INFO: Run TokenBuild Behavior [ RunTime:0.000558s ]
INFO: Run WriteHtmlCache Behavior [ RunTime:0.000420s ]
INFO: Run ShowRuntime Behavior [ RunTime:0.001245s ]
INFO: [ view_filter ] --END-- [ RunTime:0.003327s ]
INFO: [ view_end ] --START--
INFO: Run ShowPageTrace Behavior [ RunTime:0.000939s ]
INFO: [ view_end ] --END-- [ RunTime:0.001014s ]

[ 2013-02-26T22:25:09+08:00 ] ERR: (ThinkException) 无法加载模块:publicassets
[ 2013-02-26T22:25:36+08:00 ] 0.0.0.0 /
INFO: [ app_begin ] --START--
INFO: Run ReadHtmlCache Behavior [ RunTime:0.000828s ]
INFO: [ app_begin ] --END-- [ RunTime:0.000933s ]
INFO: [ view_template ] --START--
INFO: Run LocationTemplate Behavior [ RunTime:0.000820s ]
INFO: [ view_template ] --END-- [ RunTime:0.000892s ]
INFO: [ view_parse ] --START--
INFO: Run ParseTemplate Behavior [ RunTime:0.032080s ]
INFO: [ view_parse ] --END-- [ RunTime:0.032199s ]
INFO: [ view_filter ] --START--
INFO: Run ContentReplace Behavior [ RunTime:0.000916s ]
INFO: Run TokenBuild Behavior [ RunTime:0.000536s ]
INFO: Run WriteHtmlCache Behavior [ RunTime:0.000616s ]
INFO: Run ShowRuntime Behavior [ RunTime:0.000896s ]
INFO: [ view_filter ] --END-- [ RunTime:0.003185s ]
INFO: [ view_end ] --START--
INFO: Run ShowPageTrace Behavior [ RunTime:0.000817s ]
INFO: [ view_end ] --END-- [ RunTime:0.000883s ]

[ 2013-02-26T22:25:37+08:00 ] ERR: (ThinkException) 无法加载模块:publicassets
[ 2013-02-26T22:25:37+08:00 ] ERR: (ThinkException) 无法加载模块:publicassets
[ 2013-02-26T22:27:53+08:00 ] 0.0.0.0 /
INFO: [ app_begin ] --START--
INFO: Run ReadHtmlCache Behavior [ RunTime:0.000879s ]
INFO: [ app_begin ] --END-- [ RunTime:0.000982s ]
INFO: [ view_template ] --START--
INFO: Run LocationTemplate Behavior [ RunTime:0.001162s ]
INFO: [ view_template ] --END-- [ RunTime:0.001239s ]
INFO: [ view_parse ] --START--
INFO: Run ParseTemplate Behavior [ RunTime:0.030458s ]
INFO: [ view_parse ] --END-- [ RunTime:0.030573s ]
INFO: [ view_filter ] --START--
INFO: Run ContentReplace Behavior [ RunTime:0.001222s ]
INFO: Run TokenBuild Behavior [ RunTime:0.000760s ]
INFO: Run WriteHtmlCache Behavior [ RunTime:0.000411s ]
INFO: Run ShowRuntime Behavior [ RunTime:0.000679s ]
INFO: [ view_filter ] --END-- [ RunTime:0.003287s ]
INFO: [ view_end ] --START--
INFO: Run ShowPageTrace Behavior [ RunTime:0.000873s ]
INFO: [ view_end ] --END-- [ RunTime:0.000947s ]

[ 2013-02-26T22:27:54+08:00 ] ERR: (ThinkException) 无法加载模块:publicassets
[ 2013-02-26T22:27:56+08:00 ] ERR: (ThinkException) 无法加载模块:publicassets
[ 2013-02-26T22:30:54+08:00 ] ERR: (ThinkException) 无法加载模块:index2
[ 2013-02-26T22:30:54+08:00 ] ERR: (ThinkException) 无法加载模块:favicon
[ 2013-02-26T22:30:58+08:00 ] ERR: (ThinkException) 无法加载模块:Index.index2
[ 2013-02-26T22:30:58+08:00 ] ERR: (ThinkException) 无法加载模块:favicon
[ 2013-02-26T22:31:01+08:00 ] 0.0.0.0 /Index/index2.html
INFO: [ route_check ] --START--
INFO: Run CheckRoute Behavior [ RunTime:0.000990s ]
INFO: [ route_check ] --END-- [ RunTime:0.001096s ]
INFO: [ app_begin ] --START--
INFO: Run ReadHtmlCache Behavior [ RunTime:0.000522s ]
INFO: [ app_begin ] --END-- [ RunTime:0.000580s ]
INFO: [ view_template ] --START--
INFO: Run LocationTemplate Behavior [ RunTime:0.000612s ]
INFO: [ view_template ] --END-- [ RunTime:0.000683s ]
INFO: [ view_parse ] --START--
INFO: Run ParseTemplate Behavior [ RunTime:0.011988s ]
INFO: [ view_parse ] --END-- [ RunTime:0.012329s ]
INFO: [ view_filter ] --START--
INFO: Run ContentReplace Behavior [ RunTime:0.000608s ]
INFO: Run TokenBuild Behavior [ RunTime:0.000507s ]
INFO: Run WriteHtmlCache Behavior [ RunTime:0.000399s ]
INFO: Run ShowRuntime Behavior [ RunTime:0.000576s ]
INFO: [ view_filter ] --END-- [ RunTime:0.002267s ]
INFO: [ view_end ] --START--
INFO: Run ShowPageTrace Behavior [ RunTime:0.000726s ]
INFO: [ view_end ] --END-- [ RunTime:0.000791s ]

[ 2013-02-26T22:31:01+08:00 ] ERR: (ThinkException) 非法操作:public
[ 2013-02-26T22:31:01+08:00 ] ERR: (ThinkException) 非法操作:public
[ 2013-02-26T22:31:01+08:00 ] ERR: (ThinkException) 非法操作:public
[ 2013-02-26T22:31:01+08:00 ] ERR: (ThinkException) 非法操作:public
[ 2013-02-26T22:31:01+08:00 ] ERR: (ThinkException) 非法操作:public
[ 2013-02-26T22:31:01+08:00 ] ERR: (ThinkException) 非法操作:public
[ 2013-02-26T22:31:01+08:00 ] ERR: (ThinkException) 非法操作:public
[ 2013-02-26T22:31:01+08:00 ] ERR: (ThinkException) 非法操作:public
[ 2013-02-26T22:31:01+08:00 ] ERR: (ThinkException) 非法操作:public
[ 2013-02-26T22:31:01+08:00 ] ERR: (ThinkException) 非法操作:public
[ 2013-02-26T22:31:01+08:00 ] ERR: (ThinkException) 非法操作:public
[ 2013-02-26T22:31:03+08:00 ] ERR: (ThinkException) 非法操作:publicassets
[ 2013-02-26T22:31:18+08:00 ] 0.0.0.0 /Index/index.html
INFO: [ route_check ] --START--
INFO: Run CheckRoute Behavior [ RunTime:0.000743s ]
INFO: [ route_check ] --END-- [ RunTime:0.000835s ]
INFO: [ app_begin ] --START--
INFO: Run ReadHtmlCache Behavior [ RunTime:0.000539s ]
INFO: [ app_begin ] --END-- [ RunTime:0.000594s ]
INFO: [ view_template ] --START--
INFO: Run LocationTemplate Behavior [ RunTime:0.000657s ]
INFO: [ view_template ] --END-- [ RunTime:0.000720s ]
INFO: [ view_parse ] --START--
INFO: Run ParseTemplate Behavior [ RunTime:0.030337s ]
INFO: [ view_parse ] --END-- [ RunTime:0.030469s ]
INFO: [ view_filter ] --START--
INFO: Run ContentReplace Behavior [ RunTime:0.001100s ]
INFO: Run TokenBuild Behavior [ RunTime:0.000603s ]
INFO: Run WriteHtmlCache Behavior [ RunTime:0.000697s ]
INFO: Run ShowRuntime Behavior [ RunTime:0.000837s ]
INFO: [ view_filter ] --END-- [ RunTime:0.003737s ]
INFO: [ view_end ] --START--
INFO: Run ShowPageTrace Behavior [ RunTime:0.000986s ]
INFO: [ view_end ] --END-- [ RunTime:0.001072s ]

[ 2013-02-26T22:31:18+08:00 ] ERR: (ThinkException) 非法操作:public
[ 2013-02-26T22:31:18+08:00 ] ERR: (ThinkException) 非法操作:public
[ 2013-02-26T22:31:18+08:00 ] ERR: (ThinkException) 非法操作:public
[ 2013-02-26T22:31:18+08:00 ] ERR: (ThinkException) 非法操作:public
[ 2013-02-26T22:31:18+08:00 ] ERR: (ThinkException) 非法操作:public
[ 2013-02-26T22:31:18+08:00 ] ERR: (ThinkException) 非法操作:public
[ 2013-02-26T22:31:18+08:00 ] ERR: (ThinkException) 非法操作:public
[ 2013-02-26T22:31:18+08:00 ] ERR: (ThinkException) 非法操作:public
[ 2013-02-26T22:31:18+08:00 ] ERR: (ThinkException) 非法操作:public
[ 2013-02-26T22:31:18+08:00 ] ERR: (ThinkException) 非法操作:public
[ 2013-02-26T22:31:18+08:00 ] ERR: (ThinkException) 非法操作:public
[ 2013-02-26T22:31:19+08:00 ] ERR: (ThinkException) 非法操作:publicassets
[ 2013-02-26T22:31:26+08:00 ] 0.0.0.0 /Index/index.html
INFO: [ route_check ] --START--
INFO: Run CheckRoute Behavior [ RunTime:0.001100s ]
INFO: [ route_check ] --END-- [ RunTime:0.001226s ]
INFO: [ app_begin ] --START--
INFO: Run ReadHtmlCache Behavior [ RunTime:0.000556s ]
INFO: [ app_begin ] --END-- [ RunTime:0.000622s ]
INFO: [ view_template ] --START--
INFO: Run LocationTemplate Behavior [ RunTime:0.000801s ]
INFO: [ view_template ] --END-- [ RunTime:0.000875s ]
INFO: [ view_parse ] --START--
INFO: Run ParseTemplate Behavior [ RunTime:0.031141s ]
INFO: [ view_parse ] --END-- [ RunTime:0.031273s ]
INFO: [ view_filter ] --START--
INFO: Run ContentReplace Behavior [ RunTime:0.001136s ]
INFO: Run TokenBuild Behavior [ RunTime:0.000559s ]
INFO: Run WriteHtmlCache Behavior [ RunTime:0.000506s ]
INFO: Run ShowRuntime Behavior [ RunTime:0.000837s ]
INFO: [ view_filter ] --END-- [ RunTime:0.003266s ]
INFO: [ view_end ] --START--
INFO: Run ShowPageTrace Behavior [ RunTime:0.000769s ]
INFO: [ view_end ] --END-- [ RunTime:0.000833s ]

[ 2013-02-26T22:31:26+08:00 ] ERR: (ThinkException) 非法操作:public
[ 2013-02-26T22:31:26+08:00 ] ERR: (ThinkException) 非法操作:public
[ 2013-02-26T22:31:26+08:00 ] ERR: (ThinkException) 非法操作:public
[ 2013-02-26T22:31:26+08:00 ] ERR: (ThinkException) 非法操作:public
[ 2013-02-26T22:31:26+08:00 ] ERR: (ThinkException) 非法操作:public
[ 2013-02-26T22:31:26+08:00 ] ERR: (ThinkException) 非法操作:public
[ 2013-02-26T22:31:26+08:00 ] ERR: (ThinkException) 非法操作:public
[ 2013-02-26T22:31:26+08:00 ] ERR: (ThinkException) 非法操作:public
[ 2013-02-26T22:31:26+08:00 ] ERR: (ThinkException) 非法操作:public
[ 2013-02-26T22:31:26+08:00 ] ERR: (ThinkException) 非法操作:public
[ 2013-02-26T22:31:26+08:00 ] ERR: (ThinkException) 非法操作:public
[ 2013-02-26T22:31:27+08:00 ] 0.0.0.0 /Index/index.html
INFO: [ route_check ] --START--
INFO: Run CheckRoute Behavior [ RunTime:0.000868s ]
INFO: [ route_check ] --END-- [ RunTime:0.000982s ]
INFO: [ app_begin ] --START--
INFO: Run ReadHtmlCache Behavior [ RunTime:0.000610s ]
INFO: [ app_begin ] --END-- [ RunTime:0.000682s ]
INFO: [ view_template ] --START--
INFO: Run LocationTemplate Behavior [ RunTime:0.000904s ]
INFO: [ view_template ] --END-- [ RunTime:0.000985s ]
INFO: [ view_parse ] --START--
INFO: Run ParseTemplate Behavior [ RunTime:0.031803s ]
INFO: [ view_parse ] --END-- [ RunTime:0.031912s ]
INFO: [ view_filter ] --START--
INFO: Run ContentReplace Behavior [ RunTime:0.001092s ]
INFO: Run TokenBuild Behavior [ RunTime:0.000602s ]
INFO: Run WriteHtmlCache Behavior [ RunTime:0.000459s ]
INFO: Run ShowRuntime Behavior [ RunTime:0.000904s ]
INFO: [ view_filter ] --END-- [ RunTime:0.003276s ]
INFO: [ view_end ] --START--
INFO: Run ShowPageTrace Behavior [ RunTime:0.000746s ]
INFO: [ view_end ] --END-- [ RunTime:0.000817s ]

[ 2013-02-26T22:31:27+08:00 ] ERR: (ThinkException) 非法操作:publicassets
[ 2013-02-26T22:31:27+08:00 ] ERR: (ThinkException) 非法操作:public
[ 2013-02-26T22:31:27+08:00 ] ERR: (ThinkException) 非法操作:public
[ 2013-02-26T22:31:27+08:00 ] ERR: (ThinkException) 非法操作:public
[ 2013-02-26T22:31:27+08:00 ] ERR: (ThinkException) 非法操作:public
[ 2013-02-26T22:31:27+08:00 ] ERR: (ThinkException) 非法操作:public
[ 2013-02-26T22:31:29+08:00 ] ERR: (ThinkException) 非法操作:publicassets
[ 2013-02-26T22:32:31+08:00 ] ERR: (ThinkException) 模板不存在[index2.html]
[ 2013-02-26T22:32:31+08:00 ] ERR: (ThinkException) 无法加载模块:favicon
[ 2013-02-26T22:33:47+08:00 ] 0.0.0.0 /Index/vars
INFO: [ route_check ] --START--
INFO: Run CheckRoute Behavior [ RunTime:0.001011s ]
INFO: [ route_check ] --END-- [ RunTime:0.001117s ]
INFO: [ app_begin ] --START--
INFO: Run ReadHtmlCache Behavior [ RunTime:0.000638s ]
INFO: [ app_begin ] --END-- [ RunTime:0.000719s ]
INFO: [ view_template ] --START--
INFO: Run LocationTemplate Behavior [ RunTime:0.001218s ]
INFO: [ view_template ] --END-- [ RunTime:0.001311s ]
INFO: [ view_parse ] --START--
INFO: Run ParseTemplate Behavior [ RunTime:0.010255s ]
INFO: [ view_parse ] --END-- [ RunTime:0.010418s ]
INFO: [ view_filter ] --START--
INFO: Run ContentReplace Behavior [ RunTime:0.000751s ]
INFO: Run TokenBuild Behavior [ RunTime:0.000536s ]
INFO: Run WriteHtmlCache Behavior [ RunTime:0.000406s ]
INFO: Run ShowRuntime Behavior [ RunTime:0.000705s ]
INFO: [ view_filter ] --END-- [ RunTime:0.002609s ]
INFO: [ view_end ] --START--
INFO: Run ShowPageTrace Behavior [ RunTime:0.001000s ]
INFO: [ view_end ] --END-- [ RunTime:0.001081s ]

[ 2013-02-26T22:33:47+08:00 ] ERR: (ThinkException) 非法操作:public
[ 2013-02-26T22:33:47+08:00 ] ERR: (ThinkException) 非法操作:public
[ 2013-02-26T22:33:47+08:00 ] ERR: (ThinkException) 非法操作:public
[ 2013-02-26T22:33:47+08:00 ] ERR: (ThinkException) 非法操作:public
[ 2013-02-26T22:33:47+08:00 ] ERR: (ThinkException) 非法操作:public
[ 2013-02-26T22:33:47+08:00 ] ERR: (ThinkException) 非法操作:public
[ 2013-02-26T22:33:47+08:00 ] ERR: (ThinkException) 非法操作:public
[ 2013-02-26T22:33:47+08:00 ] ERR: (ThinkException) 非法操作:public
[ 2013-02-26T22:33:47+08:00 ] ERR: (ThinkException) 非法操作:public
[ 2013-02-26T22:33:47+08:00 ] ERR: (ThinkException) 非法操作:public
[ 2013-02-26T22:33:47+08:00 ] ERR: (ThinkException) 非法操作:public
[ 2013-02-26T22:33:58+08:00 ] ERR: (ThinkException) 非法操作:publicassets
[ 2013-02-26T22:34:03+08:00 ] ERR: (ThinkException) 无法加载模块:favicon
[ 2013-02-26T22:34:06+08:00 ] ERR: (ThinkException) 非法操作:public
[ 2013-02-26T22:34:06+08:00 ] ERR: (ThinkException) 无法加载模块:favicon
[ 2013-02-26T22:34:26+08:00 ] ERR: (ThinkException) 非法操作:public
[ 2013-02-26T22:34:26+08:00 ] ERR: (ThinkException) 无法加载模块:favicon
[ 2013-02-26T22:34:52+08:00 ] 0.0.0.0 /
INFO: [ app_begin ] --START--
INFO: Run ReadHtmlCache Behavior [ RunTime:0.000716s ]
INFO: [ app_begin ] --END-- [ RunTime:0.000868s ]
INFO: [ view_template ] --START--
INFO: Run LocationTemplate Behavior [ RunTime:0.000739s ]
INFO: [ view_template ] --END-- [ RunTime:0.000798s ]
INFO: [ view_parse ] --START--
INFO: Run ParseTemplate Behavior [ RunTime:0.028735s ]
INFO: [ view_parse ] --END-- [ RunTime:0.028843s ]
INFO: [ view_filter ] --START--
INFO: Run ContentReplace Behavior [ RunTime:0.000908s ]
INFO: Run TokenBuild Behavior [ RunTime:0.000539s ]
INFO: Run WriteHtmlCache Behavior [ RunTime:0.000438s ]
INFO: Run ShowRuntime Behavior [ RunTime:0.000668s ]
INFO: [ view_filter ] --END-- [ RunTime:0.002745s ]
INFO: [ view_end ] --START--
INFO: Run ShowPageTrace Behavior [ RunTime:0.000650s ]
INFO: [ view_end ] --END-- [ RunTime:0.000710s ]

[ 2013-02-26T22:34:53+08:00 ] 0.0.0.0 /
INFO: [ app_begin ] --START--
INFO: Run ReadHtmlCache Behavior [ RunTime:0.000821s ]
INFO: [ app_begin ] --END-- [ RunTime:0.000958s ]
INFO: [ view_template ] --START--
INFO: Run LocationTemplate Behavior [ RunTime:0.000634s ]
INFO: [ view_template ] --END-- [ RunTime:0.000749s ]
INFO: [ view_parse ] --START--
INFO: Run ParseTemplate Behavior [ RunTime:0.040950s ]
INFO: [ view_parse ] --END-- [ RunTime:0.041093s ]
INFO: [ view_filter ] --START--
INFO: Run ContentReplace Behavior [ RunTime:0.001542s ]
INFO: Run TokenBuild Behavior [ RunTime:0.000954s ]
INFO: Run WriteHtmlCache Behavior [ RunTime:0.000539s ]
INFO: Run ShowRuntime Behavior [ RunTime:0.000875s ]
INFO: [ view_filter ] --END-- [ RunTime:0.004741s ]
INFO: [ view_end ] --START--
INFO: Run ShowPageTrace Behavior [ RunTime:0.000952s ]
INFO: [ view_end ] --END-- [ RunTime:0.001066s ]

[ 2013-02-26T22:34:57+08:00 ] ERR: (ThinkException) 无法加载模块:favicon
[ 2013-02-26T22:34:58+08:00 ] ERR: (ThinkException) 无法加载模块:favicon
[ 2013-02-26T22:35:09+08:00 ] ERR: (ThinkException) 无法加载模块:publicassets
[ 2013-02-26T22:35:11+08:00 ] ERR: (ThinkException) 非法操作:public
[ 2013-02-26T22:35:12+08:00 ] ERR: (ThinkException) 无法加载模块:favicon
[ 2013-02-26T22:35:37+08:00 ] ERR: (ThinkException) 非法操作:public
[ 2013-02-26T22:35:37+08:00 ] ERR: (ThinkException) 无法加载模块:favicon
[ 2013-02-26T22:35:39+08:00 ] 0.0.0.0 /Index/vars
INFO: [ route_check ] --START--
INFO: Run CheckRoute Behavior [ RunTime:0.000882s ]
INFO: [ route_check ] --END-- [ RunTime:0.000998s ]
INFO: [ app_begin ] --START--
INFO: Run ReadHtmlCache Behavior [ RunTime:0.000599s ]
INFO: [ app_begin ] --END-- [ RunTime:0.000667s ]
INFO: [ view_template ] --START--
INFO: Run LocationTemplate Behavior [ RunTime:0.000884s ]
INFO: [ view_template ] --END-- [ RunTime:0.000962s ]
INFO: [ view_parse ] --START--
INFO: Run ParseTemplate Behavior [ RunTime:0.013049s ]
INFO: [ view_parse ] --END-- [ RunTime:0.013177s ]
INFO: [ view_filter ] --START--
INFO: Run ContentReplace Behavior [ RunTime:0.000808s ]
INFO: Run TokenBuild Behavior [ RunTime:0.000654s ]
INFO: Run WriteHtmlCache Behavior [ RunTime:0.000477s ]
INFO: Run ShowRuntime Behavior [ RunTime:0.000558s ]
INFO: [ view_filter ] --END-- [ RunTime:0.002718s ]
INFO: [ view_end ] --START--
INFO: Run ShowPageTrace Behavior [ RunTime:0.000751s ]
INFO: [ view_end ] --END-- [ RunTime:0.000813s ]

[ 2013-02-26T22:35:39+08:00 ] ERR: (ThinkException) 无法加载模块:favicon
[ 2013-02-26T22:35:41+08:00 ] ERR: (ThinkException) 无法加载模块:favicon
[ 2013-02-26T22:36:23+08:00 ] 0.0.0.0 /Index/index.html
INFO: [ route_check ] --START--
INFO: Run CheckRoute Behavior [ RunTime:0.000997s ]
INFO: [ route_check ] --END-- [ RunTime:0.001103s ]
INFO: [ app_begin ] --START--
INFO: Run ReadHtmlCache Behavior [ RunTime:0.000681s ]
INFO: [ app_begin ] --END-- [ RunTime:0.000759s ]
INFO: [ view_template ] --START--
INFO: Run LocationTemplate Behavior [ RunTime:0.000685s ]
INFO: [ view_template ] --END-- [ RunTime:0.000749s ]
INFO: [ view_parse ] --START--
INFO: Run ParseTemplate Behavior [ RunTime:0.028774s ]
INFO: [ view_parse ] --END-- [ RunTime:0.028881s ]
INFO: [ view_filter ] --START--
INFO: Run ContentReplace Behavior [ RunTime:0.000888s ]
INFO: Run TokenBuild Behavior [ RunTime:0.000538s ]
INFO: Run WriteHtmlCache Behavior [ RunTime:0.000478s ]
INFO: Run ShowRuntime Behavior [ RunTime:0.000862s ]
INFO: [ view_filter ] --END-- [ RunTime:0.002958s ]
INFO: [ view_end ] --START--
INFO: Run ShowPageTrace Behavior [ RunTime:0.000681s ]
INFO: [ view_end ] --END-- [ RunTime:0.000736s ]

[ 2013-02-26T22:36:36+08:00 ] 0.0.0.0 /Index/index.html
INFO: [ route_check ] --START--
INFO: Run CheckRoute Behavior [ RunTime:0.000963s ]
INFO: [ route_check ] --END-- [ RunTime:0.001071s ]
INFO: [ app_begin ] --START--
INFO: Run ReadHtmlCache Behavior [ RunTime:0.000609s ]
INFO: [ app_begin ] --END-- [ RunTime:0.000675s ]
INFO: [ view_template ] --START--
INFO: Run LocationTemplate Behavior [ RunTime:0.000536s ]
INFO: [ view_template ] --END-- [ RunTime:0.000610s ]
INFO: [ view_parse ] --START--
INFO: Run ParseTemplate Behavior [ RunTime:0.035036s ]
INFO: [ view_parse ] --END-- [ RunTime:0.035168s ]
INFO: [ view_filter ] --START--
INFO: Run ContentReplace Behavior [ RunTime:0.000816s ]
INFO: Run TokenBuild Behavior [ RunTime:0.000511s ]
INFO: Run WriteHtmlCache Behavior [ RunTime:0.000435s ]
INFO: Run ShowRuntime Behavior [ RunTime:0.000833s ]
INFO: [ view_filter ] --END-- [ RunTime:0.002841s ]
INFO: [ view_end ] --START--
INFO: Run ShowPageTrace Behavior [ RunTime:0.000924s ]
INFO: [ view_end ] --END-- [ RunTime:0.001018s ]

[ 2013-02-26T22:36:36+08:00 ] ERR: (ThinkException) 无法加载模块:publicassets
[ 2013-02-26T22:36:49+08:00 ] 0.0.0.0 /Index/index2.htm
INFO: [ route_check ] --START--
INFO: Run CheckRoute Behavior [ RunTime:0.000944s ]
INFO: [ route_check ] --END-- [ RunTime:0.001042s ]
INFO: [ app_begin ] --START--
INFO: Run ReadHtmlCache Behavior [ RunTime:0.000621s ]
INFO: [ app_begin ] --END-- [ RunTime:0.000677s ]
INFO: [ view_template ] --START--
INFO: Run LocationTemplate Behavior [ RunTime:0.000663s ]
INFO: [ view_template ] --END-- [ RunTime:0.000723s ]
INFO: [ view_parse ] --START--
INFO: Run ParseTemplate Behavior [ RunTime:0.012499s ]
INFO: [ view_parse ] --END-- [ RunTime:0.012608s ]
INFO: [ view_filter ] --START--
INFO: Run ContentReplace Behavior [ RunTime:0.000585s ]
INFO: Run TokenBuild Behavior [ RunTime:0.000507s ]
INFO: Run WriteHtmlCache Behavior [ RunTime:0.000403s ]
INFO: Run ShowRuntime Behavior [ RunTime:0.000602s ]
INFO: [ view_filter ] --END-- [ RunTime:0.002274s ]
INFO: [ view_end ] --START--
INFO: Run ShowPageTrace Behavior [ RunTime:0.000704s ]
INFO: [ view_end ] --END-- [ RunTime:0.000766s ]

[ 2013-02-26T22:36:50+08:00 ] ERR: (ThinkException) 无法加载模块:publicassets
[ 2013-02-26T22:36:51+08:00 ] 0.0.0.0 /Index/index2.html
INFO: [ route_check ] --START--
INFO: Run CheckRoute Behavior [ RunTime:0.000718s ]
INFO: [ route_check ] --END-- [ RunTime:0.000814s ]
INFO: [ app_begin ] --START--
INFO: Run ReadHtmlCache Behavior [ RunTime:0.000474s ]
INFO: [ app_begin ] --END-- [ RunTime:0.000529s ]
INFO: [ view_template ] --START--
INFO: Run LocationTemplate Behavior [ RunTime:0.000578s ]
INFO: [ view_template ] --END-- [ RunTime:0.000638s ]
INFO: [ view_parse ] --START--
INFO: Run ParseTemplate Behavior [ RunTime:0.009100s ]
INFO: [ view_parse ] --END-- [ RunTime:0.009200s ]
INFO: [ view_filter ] --START--
INFO: Run ContentReplace Behavior [ RunTime:0.000552s ]
INFO: Run TokenBuild Behavior [ RunTime:0.000419s ]
INFO: Run WriteHtmlCache Behavior [ RunTime:0.000322s ]
INFO: Run ShowRuntime Behavior [ RunTime:0.000481s ]
INFO: [ view_filter ] --END-- [ RunTime:0.001991s ]
INFO: [ view_end ] --START--
INFO: Run ShowPageTrace Behavior [ RunTime:0.000642s ]
INFO: [ view_end ] --END-- [ RunTime:0.000693s ]

[ 2013-02-26T22:36:51+08:00 ] ERR: (ThinkException) 无法加载模块:publicassets
[ 2013-02-26T22:37:03+08:00 ] 0.0.0.0 /
INFO: [ app_begin ] --START--
INFO: Run ReadHtmlCache Behavior [ RunTime:0.000676s ]
INFO: [ app_begin ] --END-- [ RunTime:0.000804s ]
INFO: [ view_template ] --START--
INFO: Run LocationTemplate Behavior [ RunTime:0.001067s ]
INFO: [ view_template ] --END-- [ RunTime:0.001160s ]
INFO: [ view_parse ] --START--
INFO: Run ParseTemplate Behavior [ RunTime:0.030824s ]
INFO: [ view_parse ] --END-- [ RunTime:0.030956s ]
INFO: [ view_filter ] --START--
INFO: Run ContentReplace Behavior [ RunTime:0.001207s ]
INFO: Run TokenBuild Behavior [ RunTime:0.000634s ]
INFO: Run WriteHtmlCache Behavior [ RunTime:0.000515s ]
INFO: Run ShowRuntime Behavior [ RunTime:0.000870s ]
INFO: [ view_filter ] --END-- [ RunTime:0.003456s ]
INFO: [ view_end ] --START--
INFO: Run ShowPageTrace Behavior [ RunTime:0.000698s ]
INFO: [ view_end ] --END-- [ RunTime:0.000759s ]

[ 2013-02-26T22:37:06+08:00 ] 0.0.0.0 /Index/vars
INFO: [ route_check ] --START--
INFO: Run CheckRoute Behavior [ RunTime:0.000759s ]
INFO: [ route_check ] --END-- [ RunTime:0.000851s ]
INFO: [ app_begin ] --START--
INFO: Run ReadHtmlCache Behavior [ RunTime:0.000466s ]
INFO: [ app_begin ] --END-- [ RunTime:0.000522s ]
INFO: [ view_template ] --START--
INFO: Run LocationTemplate Behavior [ RunTime:0.000528s ]
INFO: [ view_template ] --END-- [ RunTime:0.000587s ]
INFO: [ view_parse ] --START--
INFO: Run ParseTemplate Behavior [ RunTime:0.008461s ]
INFO: [ view_parse ] --END-- [ RunTime:0.008557s ]
INFO: [ view_filter ] --START--
INFO: Run ContentReplace Behavior [ RunTime:0.000490s ]
INFO: Run TokenBuild Behavior [ RunTime:0.000534s ]
INFO: Run WriteHtmlCache Behavior [ RunTime:0.000415s ]
INFO: Run ShowRuntime Behavior [ RunTime:0.000587s ]
INFO: [ view_filter ] --END-- [ RunTime:0.002240s ]
INFO: [ view_end ] --START--
INFO: Run ShowPageTrace Behavior [ RunTime:0.000595s ]
INFO: [ view_end ] --END-- [ RunTime:0.000658s ]

[ 2013-02-26T22:37:06+08:00 ] ERR: (ThinkException) 无法加载模块:publicassets
[ 2013-02-26T22:37:22+08:00 ] ERR: (ThinkException) 无法加载模块:publicassets
[ 2013-02-26T22:38:38+08:00 ] 0.0.0.0 /Index/vars
INFO: [ route_check ] --START--
INFO: Run CheckRoute Behavior [ RunTime:0.000686s ]
INFO: [ route_check ] --END-- [ RunTime:0.000789s ]
INFO: [ app_begin ] --START--
INFO: Run ReadHtmlCache Behavior [ RunTime:0.000486s ]
INFO: [ app_begin ] --END-- [ RunTime:0.000544s ]
INFO: [ view_template ] --START--
INFO: Run LocationTemplate Behavior [ RunTime:0.000916s ]
INFO: [ view_template ] --END-- [ RunTime:0.000999s ]
INFO: [ view_parse ] --START--
INFO: Run ParseTemplate Behavior [ RunTime:0.012440s ]
INFO: [ view_parse ] --END-- [ RunTime:0.012578s ]
INFO: [ view_filter ] --START--
INFO: Run ContentReplace Behavior [ RunTime:0.000695s ]
INFO: Run TokenBuild Behavior [ RunTime:0.000570s ]
INFO: Run WriteHtmlCache Behavior [ RunTime:0.000363s ]
INFO: Run ShowRuntime Behavior [ RunTime:0.000753s ]
INFO: [ view_filter ] --END-- [ RunTime:0.002667s ]
INFO: [ view_end ] --START--
INFO: Run ShowPageTrace Behavior [ RunTime:0.001177s ]
INFO: [ view_end ] --END-- [ RunTime:0.001274s ]

[ 2013-02-26T22:38:42+08:00 ] ERR: (ThinkException) 无法加载模块:publicassets
[ 2013-02-26T22:39:20+08:00 ] 0.0.0.0 /Index/vars
INFO: [ route_check ] --START--
INFO: Run CheckRoute Behavior [ RunTime:0.000684s ]
INFO: [ route_check ] --END-- [ RunTime:0.000774s ]
INFO: [ app_begin ] --START--
INFO: Run ReadHtmlCache Behavior [ RunTime:0.000503s ]
INFO: [ app_begin ] --END-- [ RunTime:0.000558s ]
INFO: [ view_template ] --START--
INFO: Run LocationTemplate Behavior [ RunTime:0.001161s ]
INFO: [ view_template ] --END-- [ RunTime:0.001257s ]
INFO: [ view_parse ] --START--
INFO: Run ParseTemplate Behavior [ RunTime:0.012062s ]
INFO: [ view_parse ] --END-- [ RunTime:0.012181s ]
INFO: [ view_filter ] --START--
INFO: Run ContentReplace Behavior [ RunTime:0.000820s ]
INFO: Run TokenBuild Behavior [ RunTime:0.000614s ]
INFO: Run WriteHtmlCache Behavior [ RunTime:0.000467s ]
INFO: Run ShowRuntime Behavior [ RunTime:0.000559s ]
INFO: [ view_filter ] --END-- [ RunTime:0.002675s ]
INFO: [ view_end ] --START--
INFO: Run ShowPageTrace Behavior [ RunTime:0.000732s ]
INFO: [ view_end ] --END-- [ RunTime:0.000796s ]

[ 2013-02-26T22:39:43+08:00 ] ERR: (ThinkException) 无法加载模块:publicassets
[ 2013-02-26T22:40:54+08:00 ] 0.0.0.0 /Index/vars
INFO: [ route_check ] --START--
INFO: Run CheckRoute Behavior [ RunTime:0.001001s ]
INFO: [ route_check ] --END-- [ RunTime:0.001192s ]
INFO: [ app_begin ] --START--
INFO: Run ReadHtmlCache Behavior [ RunTime:0.000631s ]
INFO: [ app_begin ] --END-- [ RunTime:0.000700s ]
INFO: [ view_template ] --START--
INFO: Run LocationTemplate Behavior [ RunTime:0.000824s ]
INFO: [ view_template ] --END-- [ RunTime:0.000956s ]
INFO: [ view_parse ] --START--
INFO: Run ParseTemplate Behavior [ RunTime:0.013671s ]
INFO: [ view_parse ] --END-- [ RunTime:0.013788s ]
INFO: [ view_filter ] --START--
INFO: Run ContentReplace Behavior [ RunTime:0.000857s ]
INFO: Run TokenBuild Behavior [ RunTime:0.000698s ]
INFO: Run WriteHtmlCache Behavior [ RunTime:0.000555s ]
INFO: Run ShowRuntime Behavior [ RunTime:0.000650s ]
INFO: [ view_filter ] --END-- [ RunTime:0.003012s ]
INFO: [ view_end ] --START--
INFO: Run ShowPageTrace Behavior [ RunTime:0.000745s ]
INFO: [ view_end ] --END-- [ RunTime:0.000822s ]

[ 2013-02-26T22:40:55+08:00 ] ERR: (ThinkException) 无法加载模块:publicassets
[ 2013-02-26T22:41:02+08:00 ] ERR: (ThinkException) 无法加载模块:publicassets
[ 2013-02-26T22:41:30+08:00 ] ERR: (ThinkException) 无法加载模块:publicassets
[ 2013-02-26T22:41:32+08:00 ] 0.0.0.0 /Index/vars
INFO: [ route_check ] --START--
INFO: Run CheckRoute Behavior [ RunTime:0.000876s ]
INFO: [ route_check ] --END-- [ RunTime:0.000992s ]
INFO: [ app_begin ] --START--
INFO: Run ReadHtmlCache Behavior [ RunTime:0.000582s ]
INFO: [ app_begin ] --END-- [ RunTime:0.000650s ]
INFO: [ view_template ] --START--
INFO: Run LocationTemplate Behavior [ RunTime:0.000843s ]
INFO: [ view_template ] --END-- [ RunTime:0.000920s ]
INFO: [ view_parse ] --START--
INFO: Run ParseTemplate Behavior [ RunTime:0.008784s ]
INFO: [ view_parse ] --END-- [ RunTime:0.008884s ]
INFO: [ view_filter ] --START--
INFO: Run ContentReplace Behavior [ RunTime:0.000764s ]
INFO: Run TokenBuild Behavior [ RunTime:0.000778s ]
INFO: Run WriteHtmlCache Behavior [ RunTime:0.000649s ]
INFO: Run ShowRuntime Behavior [ RunTime:0.000933s ]
INFO: [ view_filter ] --END-- [ RunTime:0.003462s ]
INFO: [ view_end ] --START--
INFO: Run ShowPageTrace Behavior [ RunTime:0.001086s ]
INFO: [ view_end ] --END-- [ RunTime:0.001173s ]

[ 2013-02-26T22:41:32+08:00 ] ERR: (ThinkException) 无法加载模块:publicassets
[ 2013-02-26T22:41:47+08:00 ] 0.0.0.0 /
INFO: [ app_begin ] --START--
INFO: Run ReadHtmlCache Behavior [ RunTime:0.000696s ]
INFO: [ app_begin ] --END-- [ RunTime:0.000815s ]
INFO: [ view_template ] --START--
INFO: Run LocationTemplate Behavior [ RunTime:0.000499s ]
INFO: [ view_template ] --END-- [ RunTime:0.000580s ]
INFO: [ view_parse ] --START--
INFO: Run ParseTemplate Behavior [ RunTime:0.026608s ]
INFO: [ view_parse ] --END-- [ RunTime:0.026726s ]
INFO: [ view_filter ] --START--
INFO: Run ContentReplace Behavior [ RunTime:0.000790s ]
INFO: Run TokenBuild Behavior [ RunTime:0.000698s ]
INFO: Run WriteHtmlCache Behavior [ RunTime:0.000471s ]
INFO: Run ShowRuntime Behavior [ RunTime:0.000675s ]
INFO: [ view_filter ] --END-- [ RunTime:0.002866s ]
INFO: [ view_end ] --START--
INFO: Run ShowPageTrace Behavior [ RunTime:0.001032s ]
INFO: [ view_end ] --END-- [ RunTime:0.001107s ]

[ 2013-02-26T22:41:48+08:00 ] 0.0.0.0 /
INFO: [ app_begin ] --START--
INFO: Run ReadHtmlCache Behavior [ RunTime:0.000640s ]
INFO: [ app_begin ] --END-- [ RunTime:0.000744s ]
INFO: [ view_template ] --START--
INFO: Run LocationTemplate Behavior [ RunTime:0.000775s ]
INFO: [ view_template ] --END-- [ RunTime:0.000886s ]
INFO: [ view_parse ] --START--
INFO: Run ParseTemplate Behavior [ RunTime:0.039260s ]
INFO: [ view_parse ] --END-- [ RunTime:0.039412s ]
INFO: [ view_filter ] --START--
INFO: Run ContentReplace Behavior [ RunTime:0.001156s ]
INFO: Run TokenBuild Behavior [ RunTime:0.000739s ]
INFO: Run WriteHtmlCache Behavior [ RunTime:0.000351s ]
INFO: Run ShowRuntime Behavior [ RunTime:0.000663s ]
INFO: [ view_filter ] --END-- [ RunTime:0.003194s ]
INFO: [ view_end ] --START--
INFO: Run ShowPageTrace Behavior [ RunTime:0.001047s ]
INFO: [ view_end ] --END-- [ RunTime:0.001146s ]

[ 2013-02-26T22:41:49+08:00 ] ERR: (ThinkException) 无法加载模块:publicassets
[ 2013-02-26T22:42:29+08:00 ] ERR: (ThinkException) 无法加载模块:vars
[ 2013-02-26T22:42:30+08:00 ] ERR: (ThinkException) 无法加载模块:favicon
[ 2013-02-26T22:43:35+08:00 ] 0.0.0.0 /
INFO: [ app_begin ] --START--
INFO: Run ReadHtmlCache Behavior [ RunTime:0.000939s ]
INFO: [ app_begin ] --END-- [ RunTime:0.001055s ]
INFO: [ view_template ] --START--
INFO: Run LocationTemplate Behavior [ RunTime:0.000468s ]
INFO: [ view_template ] --END-- [ RunTime:0.000529s ]
INFO: [ view_parse ] --START--
INFO: Run ParseTemplate Behavior [ RunTime:0.027876s ]
INFO: [ view_parse ] --END-- [ RunTime:0.027987s ]
INFO: [ view_filter ] --START--
INFO: Run ContentReplace Behavior [ RunTime:0.000880s ]
INFO: Run TokenBuild Behavior [ RunTime:0.000542s ]
INFO: Run WriteHtmlCache Behavior [ RunTime:0.000398s ]
INFO: Run ShowRuntime Behavior [ RunTime:0.000850s ]
INFO: [ view_filter ] --END-- [ RunTime:0.002873s ]
INFO: [ view_end ] --START--
INFO: Run ShowPageTrace Behavior [ RunTime:0.001072s ]
INFO: [ view_end ] --END-- [ RunTime:0.001166s ]

[ 2013-02-26T22:43:35+08:00 ] 0.0.0.0 /
INFO: [ app_begin ] --START--
INFO: Run ReadHtmlCache Behavior [ RunTime:0.000627s ]
INFO: [ app_begin ] --END-- [ RunTime:0.000745s ]
INFO: [ view_template ] --START--
INFO: Run LocationTemplate Behavior [ RunTime:0.000463s ]
INFO: [ view_template ] --END-- [ RunTime:0.000535s ]
INFO: [ view_parse ] --START--
INFO: Run ParseTemplate Behavior [ RunTime:0.032768s ]
INFO: [ view_parse ] --END-- [ RunTime:0.032919s ]
INFO: [ view_filter ] --START--
INFO: Run ContentReplace Behavior [ RunTime:0.001202s ]
INFO: Run TokenBuild Behavior [ RunTime:0.000737s ]
INFO: Run WriteHtmlCache Behavior [ RunTime:0.000467s ]
INFO: Run ShowRuntime Behavior [ RunTime:0.000870s ]
INFO: [ view_filter ] --END-- [ RunTime:0.003527s ]
INFO: [ view_end ] --START--
INFO: Run ShowPageTrace Behavior [ RunTime:0.000906s ]
INFO: [ view_end ] --END-- [ RunTime:0.000994s ]

[ 2013-02-26T22:43:37+08:00 ] ERR: (ThinkException) 无法加载模块:publicassets
[ 2013-02-26T22:44:15+08:00 ] ERR: (ThinkException) 无法加载模块:index
[ 2013-02-26T22:44:15+08:00 ] ERR: (ThinkException) 无法加载模块:favicon
[ 2013-02-26T22:44:23+08:00 ] ERR: (ThinkException) 无法加载模块:index1
[ 2013-02-26T22:44:23+08:00 ] ERR: (ThinkException) 无法加载模块:favicon
[ 2013-02-26T22:44:25+08:00 ] 0.0.0.0 /
INFO: [ app_begin ] --START--
INFO: Run ReadHtmlCache Behavior [ RunTime:0.000496s ]
INFO: [ app_begin ] --END-- [ RunTime:0.000581s ]
INFO: [ view_template ] --START--
INFO: Run LocationTemplate Behavior [ RunTime:0.000882s ]
INFO: [ view_template ] --END-- [ RunTime:0.000981s ]
INFO: [ view_parse ] --START--
INFO: Run ParseTemplate Behavior [ RunTime:0.028367s ]
INFO: [ view_parse ] --END-- [ RunTime:0.028500s ]
INFO: [ view_filter ] --START--
INFO: Run ContentReplace Behavior [ RunTime:0.000955s ]
INFO: Run TokenBuild Behavior [ RunTime:0.000592s ]
INFO: Run WriteHtmlCache Behavior [ RunTime:0.000456s ]
INFO: Run ShowRuntime Behavior [ RunTime:0.001369s ]
INFO: [ view_filter ] --END-- [ RunTime:0.003631s ]
INFO: [ view_end ] --START--
INFO: Run ShowPageTrace Behavior [ RunTime:0.001576s ]
INFO: [ view_end ] --END-- [ RunTime:0.001726s ]

[ 2013-02-26T22:44:26+08:00 ] ERR: (ThinkException) 无法加载模块:publicassets
[ 2013-02-26T22:46:45+08:00 ] 0.0.0.0 /
INFO: [ app_begin ] --START--
INFO: Run ReadHtmlCache Behavior [ RunTime:0.000738s ]
INFO: [ app_begin ] --END-- [ RunTime:0.000842s ]
INFO: [ view_template ] --START--
INFO: Run LocationTemplate Behavior [ RunTime:0.000715s ]
INFO: [ view_template ] --END-- [ RunTime:0.000777s ]
INFO: [ view_parse ] --START--
INFO: Run ParseTemplate Behavior [ RunTime:0.027501s ]
INFO: [ view_parse ] --END-- [ RunTime:0.027630s ]
INFO: [ view_filter ] --START--
INFO: Run ContentReplace Behavior [ RunTime:0.001812s ]
INFO: Run TokenBuild Behavior [ RunTime:0.000805s ]
INFO: Run WriteHtmlCache Behavior [ RunTime:0.000457s ]
INFO: Run ShowRuntime Behavior [ RunTime:0.000705s ]
INFO: [ view_filter ] --END-- [ RunTime:0.004061s ]
INFO: [ view_end ] --START--
INFO: Run ShowPageTrace Behavior [ RunTime:0.000987s ]
INFO: [ view_end ] --END-- [ RunTime:0.001086s ]

[ 2013-02-26T22:46:46+08:00 ] ERR: (ThinkException) 无法加载模块:Indexpublicassets
[ 2013-02-26T22:46:50+08:00 ] ERR: (ThinkException) 无法加载模块:Indexvars
[ 2013-02-26T22:46:50+08:00 ] ERR: (ThinkException) 无法加载模块:Indexfavicon
[ 2013-02-26T22:46:56+08:00 ] 0.0.0.0 /vars
INFO: [ route_check ] --START--
INFO: Run CheckRoute Behavior [ RunTime:0.000768s ]
INFO: [ route_check ] --END-- [ RunTime:0.000877s ]
INFO: [ app_begin ] --START--
INFO: Run ReadHtmlCache Behavior [ RunTime:0.000509s ]
INFO: [ app_begin ] --END-- [ RunTime:0.000565s ]
INFO: [ view_template ] --START--
INFO: Run LocationTemplate Behavior [ RunTime:0.000636s ]
INFO: [ view_template ] --END-- [ RunTime:0.000697s ]
INFO: [ view_parse ] --START--
INFO: Run ParseTemplate Behavior [ RunTime:0.007559s ]
INFO: [ view_parse ] --END-- [ RunTime:0.007714s ]
INFO: [ view_filter ] --START--
INFO: Run ContentReplace Behavior [ RunTime:0.000744s ]
INFO: Run TokenBuild Behavior [ RunTime:0.000430s ]
INFO: Run WriteHtmlCache Behavior [ RunTime:0.000303s ]
INFO: Run ShowRuntime Behavior [ RunTime:0.000653s ]
INFO: [ view_filter ] --END-- [ RunTime:0.002328s ]
INFO: [ view_end ] --START--
INFO: Run ShowPageTrace Behavior [ RunTime:0.000993s ]
INFO: [ view_end ] --END-- [ RunTime:0.001090s ]

[ 2013-02-26T22:46:57+08:00 ] ERR: (ThinkException) 非法操作:publicassets
[ 2013-02-26T22:47:07+08:00 ] 0.0.0.0 /
INFO: [ app_begin ] --START--
INFO: Run ReadHtmlCache Behavior [ RunTime:0.000662s ]
INFO: [ app_begin ] --END-- [ RunTime:0.000759s ]
INFO: [ view_template ] --START--
INFO: Run LocationTemplate Behavior [ RunTime:0.000643s ]
INFO: [ view_template ] --END-- [ RunTime:0.000705s ]
INFO: [ view_parse ] --START--
INFO: Run ParseTemplate Behavior [ RunTime:0.027693s ]
INFO: [ view_parse ] --END-- [ RunTime:0.027819s ]
INFO: [ view_filter ] --START--
INFO: Run ContentReplace Behavior [ RunTime:0.001195s ]
INFO: Run TokenBuild Behavior [ RunTime:0.000587s ]
INFO: Run WriteHtmlCache Behavior [ RunTime:0.000405s ]
INFO: Run ShowRuntime Behavior [ RunTime:0.000670s ]
INFO: [ view_filter ] --END-- [ RunTime:0.003138s ]
INFO: [ view_end ] --START--
INFO: Run ShowPageTrace Behavior [ RunTime:0.000705s ]
INFO: [ view_end ] --END-- [ RunTime:0.000759s ]

[ 2013-02-26T22:47:07+08:00 ] 0.0.0.0 /
INFO: [ app_begin ] --START--
INFO: Run ReadHtmlCache Behavior [ RunTime:0.000752s ]
INFO: [ app_begin ] --END-- [ RunTime:0.000883s ]
INFO: [ view_template ] --START--
INFO: Run LocationTemplate Behavior [ RunTime:0.000651s ]
INFO: [ view_template ] --END-- [ RunTime:0.000793s ]
INFO: [ view_parse ] --START--
INFO: Run ParseTemplate Behavior [ RunTime:0.037621s ]
INFO: [ view_parse ] --END-- [ RunTime:0.037781s ]
INFO: [ view_filter ] --START--
INFO: Run ContentReplace Behavior [ RunTime:0.001370s ]
INFO: Run TokenBuild Behavior [ RunTime:0.000855s ]
INFO: Run WriteHtmlCache Behavior [ RunTime:0.000469s ]
INFO: Run ShowRuntime Behavior [ RunTime:0.000905s ]
INFO: [ view_filter ] --END-- [ RunTime:0.003909s ]
INFO: [ view_end ] --START--
INFO: Run ShowPageTrace Behavior [ RunTime:0.001022s ]
INFO: [ view_end ] --END-- [ RunTime:0.001131s ]

[ 2013-02-26T22:47:08+08:00 ] ERR: (ThinkException) 非法操作:publicassets
[ 2013-02-26T22:48:32+08:00 ] 0.0.0.0 /
INFO: [ app_begin ] --START--
INFO: Run ReadHtmlCache Behavior [ RunTime:0.000716s ]
INFO: [ app_begin ] --END-- [ RunTime:0.000837s ]
INFO: [ view_template ] --START--
INFO: Run LocationTemplate Behavior [ RunTime:0.000457s ]
INFO: [ view_template ] --END-- [ RunTime:0.000522s ]
INFO: [ view_parse ] --START--
INFO: Run ParseTemplate Behavior [ RunTime:0.028776s ]
INFO: [ view_parse ] --END-- [ RunTime:0.028898s ]
INFO: [ view_filter ] --START--
INFO: Run ContentReplace Behavior [ RunTime:0.000813s ]
INFO: Run TokenBuild Behavior [ RunTime:0.000449s ]
INFO: Run WriteHtmlCache Behavior [ RunTime:0.000357s ]
INFO: Run ShowRuntime Behavior [ RunTime:0.000776s ]
INFO: [ view_filter ] --END-- [ RunTime:0.002659s ]
INFO: [ view_end ] --START--
INFO: Run ShowPageTrace Behavior [ RunTime:0.000601s ]
INFO: [ view_end ] --END-- [ RunTime:0.000670s ]

[ 2013-02-26T22:48:33+08:00 ] ERR: (ThinkException) 非法操作:publicassets
[ 2013-02-26T22:48:35+08:00 ] 0.0.0.0 /
INFO: [ app_begin ] --START--
INFO: Run ReadHtmlCache Behavior [ RunTime:0.001150s ]
INFO: [ app_begin ] --END-- [ RunTime:0.001293s ]
INFO: [ view_template ] --START--
INFO: Run LocationTemplate Behavior [ RunTime:0.000504s ]
INFO: [ view_template ] --END-- [ RunTime:0.000584s ]
INFO: [ view_parse ] --START--
INFO: Run ParseTemplate Behavior [ RunTime:0.031678s ]
INFO: [ view_parse ] --END-- [ RunTime:0.031807s ]
INFO: [ view_filter ] --START--
INFO: Run ContentReplace Behavior [ RunTime:0.000846s ]
INFO: Run TokenBuild Behavior [ RunTime:0.000461s ]
INFO: Run WriteHtmlCache Behavior [ RunTime:0.000303s ]
INFO: Run ShowRuntime Behavior [ RunTime:0.000568s ]
INFO: [ view_filter ] --END-- [ RunTime:0.002373s ]
INFO: [ view_end ] --START--
INFO: Run ShowPageTrace Behavior [ RunTime:0.000609s ]
INFO: [ view_end ] --END-- [ RunTime:0.000669s ]

[ 2013-02-26T22:48:36+08:00 ] ERR: (ThinkException) 非法操作:publicassets
[ 2013-02-26T22:48:39+08:00 ] 0.0.0.0 /
INFO: [ app_begin ] --START--
INFO: Run ReadHtmlCache Behavior [ RunTime:0.000627s ]
INFO: [ app_begin ] --END-- [ RunTime:0.000734s ]
INFO: [ view_template ] --START--
INFO: Run LocationTemplate Behavior [ RunTime:0.001161s ]
INFO: [ view_template ] --END-- [ RunTime:0.001272s ]
INFO: [ view_parse ] --START--
INFO: Run ParseTemplate Behavior [ RunTime:0.031182s ]
INFO: [ view_parse ] --END-- [ RunTime:0.031310s ]
INFO: [ view_filter ] --START--
INFO: Run ContentReplace Behavior [ RunTime:0.001004s ]
INFO: Run TokenBuild Behavior [ RunTime:0.000876s ]
INFO: Run WriteHtmlCache Behavior [ RunTime:0.000522s ]
INFO: Run ShowRuntime Behavior [ RunTime:0.000859s ]
INFO: [ view_filter ] --END-- [ RunTime:0.003479s ]
INFO: [ view_end ] --START--
INFO: Run ShowPageTrace Behavior [ RunTime:0.000912s ]
INFO: [ view_end ] --END-- [ RunTime:0.000981s ]

[ 2013-02-26T22:48:40+08:00 ] ERR: (ThinkException) 非法操作:publicassets
[ 2013-02-26T22:48:41+08:00 ] 0.0.0.0 /
INFO: [ app_begin ] --START--
INFO: Run ReadHtmlCache Behavior [ RunTime:0.000919s ]
INFO: [ app_begin ] --END-- [ RunTime:0.001019s ]
INFO: [ view_template ] --START--
INFO: Run LocationTemplate Behavior [ RunTime:0.000472s ]
INFO: [ view_template ] --END-- [ RunTime:0.000534s ]
INFO: [ view_parse ] --START--
INFO: Run ParseTemplate Behavior [ RunTime:0.027092s ]
INFO: [ view_parse ] --END-- [ RunTime:0.027226s ]
INFO: [ view_filter ] --START--
INFO: Run ContentReplace Behavior [ RunTime:0.001154s ]
INFO: Run TokenBuild Behavior [ RunTime:0.000575s ]
INFO: Run WriteHtmlCache Behavior [ RunTime:0.000433s ]
INFO: Run ShowRuntime Behavior [ RunTime:0.000713s ]
INFO: [ view_filter ] --END-- [ RunTime:0.003100s ]
INFO: [ view_end ] --START--
INFO: Run ShowPageTrace Behavior [ RunTime:0.000958s ]
INFO: [ view_end ] --END-- [ RunTime:0.001033s ]

[ 2013-02-26T22:48:42+08:00 ] ERR: (ThinkException) 非法操作:publicassets
[ 2013-02-26T22:49:11+08:00 ] 0.0.0.0 /
INFO: [ app_begin ] --START--
INFO: Run ReadHtmlCache Behavior [ RunTime:0.000874s ]
INFO: [ app_begin ] --END-- [ RunTime:0.001024s ]
INFO: [ view_template ] --START--
INFO: Run LocationTemplate Behavior [ RunTime:0.000832s ]
INFO: [ view_template ] --END-- [ RunTime:0.000904s ]
INFO: [ view_parse ] --START--
INFO: Run ParseTemplate Behavior [ RunTime:0.032404s ]
INFO: [ view_parse ] --END-- [ RunTime:0.032536s ]
INFO: [ view_filter ] --START--
INFO: Run ContentReplace Behavior [ RunTime:0.001014s ]
INFO: Run TokenBuild Behavior [ RunTime:0.000591s ]
INFO: Run WriteHtmlCache Behavior [ RunTime:0.000580s ]
INFO: Run ShowRuntime Behavior [ RunTime:0.000784s ]
INFO: [ view_filter ] --END-- [ RunTime:0.003218s ]
INFO: [ view_end ] --START--
INFO: Run ShowPageTrace Behavior [ RunTime:0.000910s ]
INFO: [ view_end ] --END-- [ RunTime:0.000989s ]

[ 2013-02-26T22:49:12+08:00 ] ERR: (ThinkException) 非法操作:publicassets
[ 2013-02-26T22:49:14+08:00 ] 0.0.0.0 /
INFO: [ app_begin ] --START--
INFO: Run ReadHtmlCache Behavior [ RunTime:0.000503s ]
INFO: [ app_begin ] --END-- [ RunTime:0.000594s ]
INFO: [ view_template ] --START--
INFO: Run LocationTemplate Behavior [ RunTime:0.000458s ]
INFO: [ view_template ] --END-- [ RunTime:0.000516s ]
INFO: [ view_parse ] --START--
INFO: Run ParseTemplate Behavior [ RunTime:0.028491s ]
INFO: [ view_parse ] --END-- [ RunTime:0.028603s ]
INFO: [ view_filter ] --START--
INFO: Run ContentReplace Behavior [ RunTime:0.000933s ]
INFO: Run TokenBuild Behavior [ RunTime:0.000585s ]
INFO: Run WriteHtmlCache Behavior [ RunTime:0.000736s ]
INFO: Run ShowRuntime Behavior [ RunTime:0.000649s ]
INFO: [ view_filter ] --END-- [ RunTime:0.003101s ]
INFO: [ view_end ] --START--
INFO: Run ShowPageTrace Behavior [ RunTime:0.000669s ]
INFO: [ view_end ] --END-- [ RunTime:0.000724s ]

[ 2013-02-26T22:49:15+08:00 ] ERR: (ThinkException) 非法操作:publicassets
[ 2013-02-26T22:49:23+08:00 ] 0.0.0.0 /
INFO: [ app_begin ] --START--
INFO: Run ReadHtmlCache Behavior [ RunTime:0.000836s ]
INFO: [ app_begin ] --END-- [ RunTime:0.000939s ]
INFO: [ view_template ] --START--
INFO: Run LocationTemplate Behavior [ RunTime:0.000851s ]
INFO: [ view_template ] --END-- [ RunTime:0.000921s ]
INFO: [ view_parse ] --START--
INFO: Run ParseTemplate Behavior [ RunTime:0.031732s ]
INFO: [ view_parse ] --END-- [ RunTime:0.031854s ]
INFO: [ view_filter ] --START--
INFO: Run ContentReplace Behavior [ RunTime:0.000931s ]
INFO: Run TokenBuild Behavior [ RunTime:0.000589s ]
INFO: Run WriteHtmlCache Behavior [ RunTime:0.000589s ]
INFO: Run ShowRuntime Behavior [ RunTime:0.000740s ]
INFO: [ view_filter ] --END-- [ RunTime:0.003072s ]
INFO: [ view_end ] --START--
INFO: Run ShowPageTrace Behavior [ RunTime:0.000783s ]
INFO: [ view_end ] --END-- [ RunTime:0.000849s ]

[ 2013-02-26T22:49:23+08:00 ] ERR: (ThinkException) 非法操作:publicassets
[ 2013-02-26T22:49:24+08:00 ] 0.0.0.0 /
INFO: [ app_begin ] --START--
INFO: Run ReadHtmlCache Behavior [ RunTime:0.000917s ]
INFO: [ app_begin ] --END-- [ RunTime:0.001032s ]
INFO: [ view_template ] --START--
INFO: Run LocationTemplate Behavior [ RunTime:0.000456s ]
INFO: [ view_template ] --END-- [ RunTime:0.000532s ]
INFO: [ view_parse ] --START--
INFO: Run ParseTemplate Behavior [ RunTime:0.026753s ]
INFO: [ view_parse ] --END-- [ RunTime:0.026878s ]
INFO: [ view_filter ] --START--
INFO: Run ContentReplace Behavior [ RunTime:0.000996s ]
INFO: Run TokenBuild Behavior [ RunTime:0.000482s ]
INFO: Run WriteHtmlCache Behavior [ RunTime:0.000299s ]
INFO: Run ShowRuntime Behavior [ RunTime:0.000650s ]
INFO: [ view_filter ] --END-- [ RunTime:0.002637s ]
INFO: [ view_end ] --START--
INFO: Run ShowPageTrace Behavior [ RunTime:0.000711s ]
INFO: [ view_end ] --END-- [ RunTime:0.000781s ]

[ 2013-02-26T22:49:25+08:00 ] ERR: (ThinkException) 非法操作:publicassets
[ 2013-02-26T22:50:37+08:00 ] ERR: (ThinkException) 非法操作:publicassets
[ 2013-02-26T22:50:40+08:00 ] ERR: (ThinkException) 非法操作:publicassets
[ 2013-02-26T22:50:43+08:00 ] ERR: (ThinkException) 非法操作:publicassets
[ 2013-02-26T22:50:43+08:00 ] ERR: (ThinkException) 非法操作:publicassets
[ 2013-02-26T22:50:45+08:00 ] 0.0.0.0 /
INFO: [ app_begin ] --START--
INFO: Run ReadHtmlCache Behavior [ RunTime:0.000596s ]
INFO: [ app_begin ] --END-- [ RunTime:0.000708s ]
INFO: [ view_template ] --START--
INFO: Run LocationTemplate Behavior [ RunTime:0.000586s ]
INFO: [ view_template ] --END-- [ RunTime:0.000655s ]
INFO: [ view_parse ] --START--
INFO: Run ParseTemplate Behavior [ RunTime:0.031749s ]
INFO: [ view_parse ] --END-- [ RunTime:0.031895s ]
INFO: [ view_filter ] --START--
INFO: Run ContentReplace Behavior [ RunTime:0.001159s ]
INFO: Run TokenBuild Behavior [ RunTime:0.000584s ]
INFO: Run WriteHtmlCache Behavior [ RunTime:0.000316s ]
INFO: Run ShowRuntime Behavior [ RunTime:0.000690s ]
INFO: [ view_filter ] --END-- [ RunTime:0.003000s ]
INFO: [ view_end ] --START--
INFO: Run ShowPageTrace Behavior [ RunTime:0.000815s ]
INFO: [ view_end ] --END-- [ RunTime:0.000919s ]

[ 2013-02-26T22:50:46+08:00 ] 0.0.0.0 /
INFO: [ app_begin ] --START--
INFO: Run ReadHtmlCache Behavior [ RunTime:0.000861s ]
INFO: [ app_begin ] --END-- [ RunTime:0.001019s ]
INFO: [ view_template ] --START--
INFO: Run LocationTemplate Behavior [ RunTime:0.000683s ]
INFO: [ view_template ] --END-- [ RunTime:0.000792s ]
INFO: [ view_parse ] --START--
INFO: Run ParseTemplate Behavior [ RunTime:0.036339s ]
INFO: [ view_parse ] --END-- [ RunTime:0.036491s ]
INFO: [ view_filter ] --START--
INFO: Run ContentReplace Behavior [ RunTime:0.001125s ]
INFO: Run TokenBuild Behavior [ RunTime:0.000635s ]
INFO: Run WriteHtmlCache Behavior [ RunTime:0.000452s ]
INFO: Run ShowRuntime Behavior [ RunTime:0.000614s ]
INFO: [ view_filter ] --END-- [ RunTime:0.003089s ]
INFO: [ view_end ] --START--
INFO: Run ShowPageTrace Behavior [ RunTime:0.000665s ]
INFO: [ view_end ] --END-- [ RunTime:0.000733s ]

[ 2013-02-26T22:50:46+08:00 ] 0.0.0.0 /
INFO: [ app_begin ] --START--
INFO: Run ReadHtmlCache Behavior [ RunTime:0.000871s ]
INFO: [ app_begin ] --END-- [ RunTime:0.001021s ]
INFO: [ view_template ] --START--
INFO: Run LocationTemplate Behavior [ RunTime:0.000690s ]
INFO: [ view_template ] --END-- [ RunTime:0.000812s ]
INFO: [ view_parse ] --START--
INFO: Run ParseTemplate Behavior [ RunTime:0.041243s ]
INFO: [ view_parse ] --END-- [ RunTime:0.041402s ]
INFO: [ view_filter ] --START--
INFO: Run ContentReplace Behavior [ RunTime:0.002622s ]
INFO: Run TokenBuild Behavior [ RunTime:0.000843s ]
INFO: Run WriteHtmlCache Behavior [ RunTime:0.000514s ]
INFO: Run ShowRuntime Behavior [ RunTime:0.000873s ]
INFO: [ view_filter ] --END-- [ RunTime:0.005183s ]
INFO: [ view_end ] --START--
INFO: Run ShowPageTrace Behavior [ RunTime:0.000951s ]
INFO: [ view_end ] --END-- [ RunTime:0.001074s ]

[ 2013-02-26T22:50:47+08:00 ] ERR: (ThinkException) 非法操作:publicassets
[ 2013-02-26T22:50:47+08:00 ] ERR: (ThinkException) 非法操作:publicassets
[ 2013-02-26T22:50:48+08:00 ] ERR: (ThinkException) 非法操作:publicassets
[ 2013-02-26T22:50:59+08:00 ] ERR: (ThinkException) 非法操作:publicassets
[ 2013-02-26T22:51:11+08:00 ] ERR: (ThinkException) 非法操作:publicassets
[ 2013-02-26T22:54:36+08:00 ] 0.0.0.0 /
INFO: [ app_begin ] --START--
INFO: Run ReadHtmlCache Behavior [ RunTime:0.001185s ]
INFO: [ app_begin ] --END-- [ RunTime:0.001806s ]
INFO: [ view_template ] --START--
INFO: Run LocationTemplate Behavior [ RunTime:0.000791s ]
INFO: [ view_template ] --END-- [ RunTime:0.000869s ]
INFO: [ view_parse ] --START--
INFO: Run ParseTemplate Behavior [ RunTime:0.030713s ]
INFO: [ view_parse ] --END-- [ RunTime:0.030822s ]
INFO: [ view_filter ] --START--
INFO: Run ContentReplace Behavior [ RunTime:0.001154s ]
INFO: Run TokenBuild Behavior [ RunTime:0.000857s ]
INFO: Run WriteHtmlCache Behavior [ RunTime:0.000556s ]
INFO: Run ShowRuntime Behavior [ RunTime:0.000694s ]
INFO: [ view_filter ] --END-- [ RunTime:0.003561s ]
INFO: [ view_end ] --START--
INFO: Run ShowPageTrace Behavior [ RunTime:0.000777s ]
INFO: [ view_end ] --END-- [ RunTime:0.000847s ]

[ 2013-02-26T22:54:37+08:00 ] 0.0.0.0 /index2
INFO: [ route_check ] --START--
INFO: Run CheckRoute Behavior [ RunTime:0.000859s ]
INFO: [ route_check ] --END-- [ RunTime:0.000969s ]
INFO: [ app_begin ] --START--
INFO: Run ReadHtmlCache Behavior [ RunTime:0.000520s ]
INFO: [ app_begin ] --END-- [ RunTime:0.000580s ]
INFO: [ view_template ] --START--
INFO: Run LocationTemplate Behavior [ RunTime:0.000556s ]
INFO: [ view_template ] --END-- [ RunTime:0.000619s ]
INFO: [ view_parse ] --START--
INFO: Run ParseTemplate Behavior [ RunTime:0.009711s ]
INFO: [ view_parse ] --END-- [ RunTime:0.009814s ]
INFO: [ view_filter ] --START--
INFO: Run ContentReplace Behavior [ RunTime:0.000655s ]
INFO: Run TokenBuild Behavior [ RunTime:0.000537s ]
INFO: Run WriteHtmlCache Behavior [ RunTime:0.000434s ]
INFO: Run ShowRuntime Behavior [ RunTime:0.001034s ]
INFO: [ view_filter ] --END-- [ RunTime:0.002926s ]
INFO: [ view_end ] --START--
INFO: Run ShowPageTrace Behavior [ RunTime:0.000799s ]
INFO: [ view_end ] --END-- [ RunTime:0.000876s ]

[ 2013-02-26T22:54:38+08:00 ] ERR: (ThinkException) 非法操作:publicassets
[ 2013-02-26T22:54:50+08:00 ] 0.0.0.0 /index2
INFO: [ route_check ] --START--
INFO: Run CheckRoute Behavior [ RunTime:0.001669s ]
INFO: [ route_check ] --END-- [ RunTime:0.001802s ]
INFO: [ app_begin ] --START--
INFO: Run ReadHtmlCache Behavior [ RunTime:0.000704s ]
INFO: [ app_begin ] --END-- [ RunTime:0.000773s ]
INFO: [ view_template ] --START--
INFO: Run LocationTemplate Behavior [ RunTime:0.000711s ]
INFO: [ view_template ] --END-- [ RunTime:0.000778s ]
INFO: [ view_parse ] --START--
INFO: Run ParseTemplate Behavior [ RunTime:0.008025s ]
INFO: [ view_parse ] --END-- [ RunTime:0.008189s ]
INFO: [ view_filter ] --START--
INFO: Run ContentReplace Behavior [ RunTime:0.000653s ]
INFO: Run TokenBuild Behavior [ RunTime:0.000617s ]
INFO: Run WriteHtmlCache Behavior [ RunTime:0.000374s ]
INFO: Run ShowRuntime Behavior [ RunTime:0.000697s ]
INFO: [ view_filter ] --END-- [ RunTime:0.002542s ]
INFO: [ view_end ] --START--
INFO: Run ShowPageTrace Behavior [ RunTime:0.000786s ]
INFO: [ view_end ] --END-- [ RunTime:0.000862s ]

[ 2013-02-26T22:54:50+08:00 ] ERR: (ThinkException) 非法操作:publicassets
[ 2013-02-26T22:56:16+08:00 ] 0.0.0.0 /
INFO: [ app_begin ] --START--
INFO: Run ReadHtmlCache Behavior [ RunTime:0.000494s ]
INFO: [ app_begin ] --END-- [ RunTime:0.000584s ]
INFO: [ view_template ] --START--
INFO: Run LocationTemplate Behavior [ RunTime:0.000468s ]
INFO: [ view_template ] --END-- [ RunTime:0.000527s ]
INFO: [ view_parse ] --START--
INFO: Run ParseTemplate Behavior [ RunTime:0.030985s ]
INFO: [ view_parse ] --END-- [ RunTime:0.031124s ]
INFO: [ view_filter ] --START--
INFO: Run ContentReplace Behavior [ RunTime:0.001031s ]
INFO: Run TokenBuild Behavior [ RunTime:0.000704s ]
INFO: Run WriteHtmlCache Behavior [ RunTime:0.000514s ]
INFO: Run ShowRuntime Behavior [ RunTime:0.001078s ]
INFO: [ view_filter ] --END-- [ RunTime:0.003640s ]
INFO: [ view_end ] --START--
INFO: Run ShowPageTrace Behavior [ RunTime:0.001211s ]
INFO: [ view_end ] --END-- [ RunTime:0.001344s ]

[ 2013-02-26T22:56:18+08:00 ] ERR: (ThinkException) 非法操作:publicassets
[ 2013-02-26T22:57:07+08:00 ] 0.0.0.0 /
INFO: [ app_begin ] --START--
INFO: Run ReadHtmlCache Behavior [ RunTime:0.000823s ]
INFO: [ app_begin ] --END-- [ RunTime:0.000918s ]
INFO: [ view_template ] --START--
INFO: Run LocationTemplate Behavior [ RunTime:0.000723s ]
INFO: [ view_template ] --END-- [ RunTime:0.000783s ]
INFO: [ view_parse ] --START--
INFO: Run ParseTemplate Behavior [ RunTime:0.030150s ]
INFO: [ view_parse ] --END-- [ RunTime:0.030276s ]
INFO: [ view_filter ] --START--
INFO: Run ContentReplace Behavior [ RunTime:0.001174s ]
INFO: Run TokenBuild Behavior [ RunTime:0.000695s ]
INFO: Run WriteHtmlCache Behavior [ RunTime:0.000391s ]
INFO: Run ShowRuntime Behavior [ RunTime:0.000678s ]
INFO: [ view_filter ] --END-- [ RunTime:0.003157s ]
INFO: [ view_end ] --START--
INFO: Run ShowPageTrace Behavior [ RunTime:0.000748s ]
INFO: [ view_end ] --END-- [ RunTime:0.000807s ]

[ 2013-02-26T22:57:08+08:00 ] ERR: (ThinkException) 非法操作:publicassets
[ 2013-02-26T22:58:36+08:00 ] ERR: (ThinkException) 非法操作:publicassets
[ 2013-02-26T22:58:37+08:00 ] ERR: (ThinkException) 非法操作:publicassets
[ 2013-02-26T22:58:37+08:00 ] ERR: (ThinkException) 非法操作:publicassets
[ 2013-02-26T22:58:38+08:00 ] ERR: (ThinkException) 非法操作:publicassets
[ 2013-02-26T22:58:38+08:00 ] ERR: (ThinkException) 非法操作:publicassets
[ 2013-02-26T22:58:39+08:00 ] ERR: (ThinkException) 非法操作:publicassets
[ 2013-02-26T22:58:39+08:00 ] ERR: (ThinkException) 非法操作:publicassets
[ 2013-02-26T22:58:39+08:00 ] 0.0.0.0 /
INFO: [ app_begin ] --START--
INFO: Run ReadHtmlCache Behavior [ RunTime:0.000696s ]
INFO: [ app_begin ] --END-- [ RunTime:0.000885s ]
INFO: [ view_template ] --START--
INFO: Run LocationTemplate Behavior [ RunTime:0.001076s ]
INFO: [ view_template ] --END-- [ RunTime:0.001190s ]
INFO: [ view_parse ] --START--
INFO: Run ParseTemplate Behavior [ RunTime:0.032057s ]
INFO: [ view_parse ] --END-- [ RunTime:0.032168s ]
INFO: [ view_filter ] --START--
INFO: Run ContentReplace Behavior [ RunTime:0.000891s ]
INFO: Run TokenBuild Behavior [ RunTime:0.000605s ]
INFO: Run WriteHtmlCache Behavior [ RunTime:0.000824s ]
INFO: Run ShowRuntime Behavior [ RunTime:0.000723s ]
INFO: [ view_filter ] --END-- [ RunTime:0.003287s ]
INFO: [ view_end ] --START--
INFO: Run ShowPageTrace Behavior [ RunTime:0.000728s ]
INFO: [ view_end ] --END-- [ RunTime:0.000793s ]

[ 2013-02-26T22:58:40+08:00 ] ERR: (ThinkException) 非法操作:publicassets
[ 2013-02-26T22:58:40+08:00 ] ERR: (ThinkException) 非法操作:publicassets
[ 2013-02-26T22:58:40+08:00 ] ERR: (ThinkException) 非法操作:publicassets
[ 2013-02-26T22:58:41+08:00 ] ERR: (ThinkException) 非法操作:publicassets
[ 2013-02-26T22:58:41+08:00 ] ERR: (ThinkException) 非法操作:publicassets
[ 2013-02-26T22:58:41+08:00 ] ERR: (ThinkException) 非法操作:publicassets
[ 2013-02-26T22:58:43+08:00 ] ERR: (ThinkException) 非法操作:publicassets
[ 2013-02-26T22:58:44+08:00 ] ERR: (ThinkException) 非法操作:publicassets
[ 2013-02-26T22:58:44+08:00 ] ERR: (ThinkException) 非法操作:publicassets
[ 2013-02-26T22:58:45+08:00 ] ERR: (ThinkException) 非法操作:publicassets
[ 2013-02-26T22:58:45+08:00 ] ERR: (ThinkException) 非法操作:publicassets
[ 2013-02-26T22:58:46+08:00 ] ERR: (ThinkException) 非法操作:publicassets
[ 2013-02-26T22:58:46+08:00 ] ERR: (ThinkException) 非法操作:publicassets
[ 2013-02-26T22:58:47+08:00 ] ERR: (ThinkException) 非法操作:publicassets
[ 2013-02-26T22:58:47+08:00 ] ERR: (ThinkException) 非法操作:publicassets
[ 2013-02-26T22:58:47+08:00 ] ERR: (ThinkException) 非法操作:publicassets
[ 2013-02-26T23:44:38+08:00 ] ERR: (ThinkException) 模板不存在[./protected/pbdm/Tpl/Index/Index.html]
[ 2013-02-26T23:50:55+08:00 ] 0.0.0.0 /
INFO: [ app_begin ] --START--
INFO: Run ReadHtmlCache Behavior [ RunTime:0.000673s ]
INFO: [ app_begin ] --END-- [ RunTime:0.000764s ]
INFO: [ view_template ] --START--
INFO: Run LocationTemplate Behavior [ RunTime:0.001021s ]
INFO: [ view_template ] --END-- [ RunTime:0.001086s ]
INFO: [ view_parse ] --START--
INFO: Run ParseTemplate Behavior [ RunTime:0.031426s ]
INFO: [ view_parse ] --END-- [ RunTime:0.031576s ]
INFO: [ view_filter ] --START--
INFO: Run ContentReplace Behavior [ RunTime:0.001776s ]
INFO: Run TokenBuild Behavior [ RunTime:0.000743s ]
INFO: Run WriteHtmlCache Behavior [ RunTime:0.000569s ]
INFO: Run ShowRuntime Behavior [ RunTime:0.000934s ]
INFO: [ view_filter ] --END-- [ RunTime:0.004310s ]
INFO: [ view_end ] --START--
INFO: Run ShowPageTrace Behavior [ RunTime:0.000867s ]
INFO: [ view_end ] --END-- [ RunTime:0.000937s ]

[ 2013-02-26T23:50:56+08:00 ] ERR: (ThinkException) 非法操作:publicassets
[ 2013-02-26T23:51:43+08:00 ] 0.0.0.0 /test
INFO: [ route_check ] --START--
INFO: Run CheckRoute Behavior [ RunTime:0.000999s ]
INFO: [ route_check ] --END-- [ RunTime:0.001096s ]
INFO: [ app_begin ] --START--
INFO: Run ReadHtmlCache Behavior [ RunTime:0.000565s ]
INFO: [ app_begin ] --END-- [ RunTime:0.000622s ]

[ 2013-02-26T23:51:43+08:00 ] ERR: (ThinkException) 非法操作:favicon
[ 2013-02-26T23:51:51+08:00 ] 0.0.0.0 /test
INFO: [ route_check ] --START--
INFO: Run CheckRoute Behavior [ RunTime:0.001226s ]
INFO: [ route_check ] --END-- [ RunTime:0.001348s ]
INFO: [ app_begin ] --START--
INFO: Run ReadHtmlCache Behavior [ RunTime:0.000692s ]
INFO: [ app_begin ] --END-- [ RunTime:0.000752s ]

[ 2013-02-26T23:51:51+08:00 ] ERR: (ThinkException) 非法操作:favicon
[ 2013-02-26T23:52:03+08:00 ] 0.0.0.0 /test
INFO: [ route_check ] --START--
INFO: Run CheckRoute Behavior [ RunTime:0.001180s ]
INFO: [ route_check ] --END-- [ RunTime:0.001302s ]
INFO: [ app_begin ] --START--
INFO: Run ReadHtmlCache Behavior [ RunTime:0.000652s ]
INFO: [ app_begin ] --END-- [ RunTime:0.000730s ]

[ 2013-02-26T23:52:03+08:00 ] ERR: (ThinkException) 非法操作:favicon
[ 2013-02-26T23:52:38+08:00 ] 0.0.0.0 /test
INFO: [ route_check ] --START--
INFO: Run CheckRoute Behavior [ RunTime:0.001207s ]
INFO: [ route_check ] --END-- [ RunTime:0.001358s ]
INFO: [ app_begin ] --START--
INFO: Run ReadHtmlCache Behavior [ RunTime:0.000981s ]
INFO: [ app_begin ] --END-- [ RunTime:0.001188s ]

[ 2013-02-26T23:52:38+08:00 ] ERR: (ThinkException) 非法操作:favicon
[ 2013-02-26T23:52:40+08:00 ] 0.0.0.0 /test
INFO: [ route_check ] --START--
INFO: Run CheckRoute Behavior [ RunTime:0.000832s ]
INFO: [ route_check ] --END-- [ RunTime:0.000944s ]
INFO: [ app_begin ] --START--
INFO: Run ReadHtmlCache Behavior [ RunTime:0.000571s ]
INFO: [ app_begin ] --END-- [ RunTime:0.000638s ]

[ 2013-02-26T23:52:40+08:00 ] ERR: (ThinkException) 非法操作:favicon
[ 2013-02-26T23:53:00+08:00 ] 0.0.0.0 /test
INFO: [ route_check ] --START--
INFO: Run CheckRoute Behavior [ RunTime:0.000912s ]
INFO: [ route_check ] --END-- [ RunTime:0.001037s ]
INFO: [ app_begin ] --START--
INFO: Run ReadHtmlCache Behavior [ RunTime:0.000642s ]
INFO: [ app_begin ] --END-- [ RunTime:0.000708s ]

[ 2013-02-26T23:53:00+08:00 ] ERR: (ThinkException) 非法操作:favicon
[ 2013-02-26T23:53:15+08:00 ] 0.0.0.0 /test
INFO: [ route_check ] --START--
INFO: Run CheckRoute Behavior [ RunTime:0.001433s ]
INFO: [ route_check ] --END-- [ RunTime:0.001603s ]
INFO: [ app_begin ] --START--
INFO: Run ReadHtmlCache Behavior [ RunTime:0.000682s ]
INFO: [ app_begin ] --END-- [ RunTime:0.000751s ]

[ 2013-02-26T23:53:15+08:00 ] ERR: (ThinkException) 非法操作:favicon
[ 2013-02-26T23:53:56+08:00 ] ERR: (ThinkException) 模板不存在[./protected/pbdm/Tpl/Index/Index.html]
[ 2013-02-26T23:54:15+08:00 ] 0.0.0.0 /test
INFO: [ route_check ] --START--
INFO: Run CheckRoute Behavior [ RunTime:0.001871s ]
INFO: [ route_check ] --END-- [ RunTime:0.002044s ]
INFO: [ app_begin ] --START--
INFO: Run ReadHtmlCache Behavior [ RunTime:0.000877s ]
INFO: [ app_begin ] --END-- [ RunTime:0.000957s ]

[ 2013-02-26T23:54:15+08:00 ] ERR: (ThinkException) 非法操作:favicon
